Using pre-set license
Built from '2022.3/staging' branch; Version is '2022.3.62f1 (4af31df58517) revision 4911901'; Using compiler version '192829333'; Build Type 'Release'
OS: 'Windows 11  (10.0.26100) 64bit Professional' Language: 'en' Physical Memory: 63092 MB
BatchMode: 1, IsHumanControllingUs: 0, StartBugReporterOnCrash: 0, Is64bit: 1, IsPro: 1

COMMAND LINE ARGUMENTS:
C:\Program Files\Unity\Hub\Editor\2022.3.62f1\Editor\Unity.exe
-adb2
-batchMode
-noUpm
-name
AssetImportWorker0
-projectPath
D:/Unity Projects/LDMidterm
-logFile
Logs/AssetImportWorker0.log
-srvPort
55970
Successfully changed project path to: D:/Unity Projects/LDMidterm
D:/Unity Projects/LDMidterm
[UnityMemory] Configuration Parameters - Can be set up in boot.config
    "memorysetup-bucket-allocator-granularity=16"
    "memorysetup-bucket-allocator-bucket-count=8"
    "memorysetup-bucket-allocator-block-size=33554432"
    "memorysetup-bucket-allocator-block-count=8"
    "memorysetup-main-allocator-block-size=16777216"
    "memorysetup-thread-allocator-block-size=16777216"
    "memorysetup-gfx-main-allocator-block-size=16777216"
    "memorysetup-gfx-thread-allocator-block-size=16777216"
    "memorysetup-cache-allocator-block-size=4194304"
    "memorysetup-typetree-allocator-block-size=2097152"
    "memorysetup-profiler-bucket-allocator-granularity=16"
    "memorysetup-profiler-bucket-allocator-bucket-count=8"
    "memorysetup-profiler-bucket-allocator-block-size=33554432"
    "memorysetup-profiler-bucket-allocator-block-count=8"
    "memorysetup-profiler-allocator-block-size=16777216"
    "memorysetup-profiler-editor-allocator-block-size=1048576"
    "memorysetup-temp-allocator-size-main=16777216"
    "memorysetup-job-temp-allocator-block-size=2097152"
    "memorysetup-job-temp-allocator-block-size-background=1048576"
    "memorysetup-job-temp-allocator-reduction-small-platforms=262144"
    "memorysetup-allocator-temp-initial-block-size-main=262144"
    "memorysetup-allocator-temp-initial-block-size-worker=262144"
    "memorysetup-temp-allocator-size-background-worker=32768"
    "memorysetup-temp-allocator-size-job-worker=262144"
    "memorysetup-temp-allocator-size-preload-manager=33554432"
    "memorysetup-temp-allocator-size-nav-mesh-worker=65536"
    "memorysetup-temp-allocator-size-audio-worker=65536"
    "memorysetup-temp-allocator-size-cloud-worker=32768"
    "memorysetup-temp-allocator-size-gi-baking-worker=262144"
    "memorysetup-temp-allocator-size-gfx=262144"
Player connection [19444]  Target information:

Player connection [19444]  * "[IP] 192.168.1.10 [Port] 0 [Flags] 2 [Guid] 1712274995 [EditorId] 1712274995 [Version] 1048832 [Id] WindowsEditor(7,DESKTOP-U5IJHPU) [Debug] 1 [PackageName] WindowsEditor [ProjectName] Editor" 

Player connection [19444] Host joined multi-casting on [225.0.0.222:54997]...
Player connection [19444] Host joined alternative multi-casting on [225.0.0.222:34997]...
Input System module state changed to: Initialized.
[PhysX] Initialized MultithreadedTaskDispatcher with 16 workers.
Refreshing native plugins compatible for Editor in 5.65 ms, found 3 plugins.
Preloading 0 native plugins for Editor in 0.00 ms.
Initialize engine version: 2022.3.62f1 (4af31df58517)
[Subsystems] Discovering subsystems at path C:/Program Files/Unity/Hub/Editor/2022.3.62f1/Editor/Data/Resources/UnitySubsystems
[Subsystems] Discovering subsystems at path D:/Unity Projects/LDMidterm/Assets
GfxDevice: creating device client; threaded=0; jobified=0
Direct3D:
    Version:  Direct3D 11.0 [level 11.1]
    Renderer: NVIDIA GeForce RTX 5080 (ID=0x2c02)
    Vendor:   NVIDIA
    VRAM:     15889 MB
    Driver:   32.0.15.7680
Initialize mono
Mono path[0] = 'C:/Program Files/Unity/Hub/Editor/2022.3.62f1/Editor/Data/Managed'
Mono path[1] = 'C:/Program Files/Unity/Hub/Editor/2022.3.62f1/Editor/Data/MonoBleedingEdge/lib/mono/unityjit-win32'
Mono config path = 'C:/Program Files/Unity/Hub/Editor/2022.3.62f1/Editor/Data/MonoBleedingEdge/etc'
Using monoOptions --debugger-agent=transport=dt_socket,embedding=1,server=y,suspend=n,address=127.0.0.1:56692
Begin MonoManager ReloadAssembly
Registering precompiled unity dll's ...
Register platform support module: C:/Program Files/Unity/Hub/Editor/2022.3.62f1/Editor/Data/PlaybackEngines/WindowsStandaloneSupport/UnityEditor.WindowsStandalone.Extensions.dll
Registered in 0.004288 seconds.
- Loaded All Assemblies, in  0.182 seconds
Native extension for WindowsStandalone target not found
Mono: successfully reloaded assembly
- Finished resetting the current domain, in  0.141 seconds
Domain Reload Profiling: 322ms
	BeginReloadAssembly (52ms)
		ExecutionOrderSort (0ms)
		DisableScriptedObjects (0ms)
		BackupInstance (0ms)
		ReleaseScriptingObjects (0ms)
		CreateAndSetChildDomain (1ms)
	RebuildCommonClasses (18ms)
	RebuildNativeTypeToScriptingClass (5ms)
	initialDomainReloadingComplete (32ms)
	LoadAllAssembliesAndSetupDomain (74ms)
		LoadAssemblies (51ms)
		RebuildTransferFunctionScriptingTraits (0ms)
		AnalyzeDomain (73ms)
			TypeCache.Refresh (71ms)
				TypeCache.ScanAssembly (64ms)
			ScanForSourceGeneratedMonoScriptInfo (0ms)
			ResolveRequiredComponents (0ms)
	FinalizeReload (141ms)
		ReleaseScriptCaches (0ms)
		RebuildScriptCaches (0ms)
		SetupLoadedEditorAssemblies (117ms)
			LogAssemblyErrors (0ms)
			InitializePlatformSupportModulesInManaged (6ms)
			SetLoadedEditorAssemblies (4ms)
			RefreshPlugins (0ms)
			BeforeProcessingInitializeOnLoad (1ms)
			ProcessInitializeOnLoadAttributes (78ms)
			ProcessInitializeOnLoadMethodAttributes (28ms)
			AfterProcessingInitializeOnLoad (0ms)
			EditorAssembliesLoaded (0ms)
		ExecutionOrderSort2 (0ms)
		AwakeInstancesAfterBackupRestoration (0ms)
========================================================================
Worker process is ready to serve import requests
Caller must complete domain reload
Begin MonoManager ReloadAssembly
- Loaded All Assemblies, in  0.404 seconds
Native extension for WindowsStandalone target not found
Package Manager log level set to [2]
[Package Manager] Server::EnsureServerProcessIsRunning -- launch failed, reason: Unity was launched with the -noUpm command-line argument
[Package Manager] UpmClient::Send -- Unable to send message (not connected to UPM process).
[Package Manager] Cannot connect to Unity Package Manager local server
Mono: successfully reloaded assembly
- Finished resetting the current domain, in  0.464 seconds
Domain Reload Profiling: 867ms
	BeginReloadAssembly (74ms)
		ExecutionOrderSort (0ms)
		DisableScriptedObjects (2ms)
		BackupInstance (0ms)
		ReleaseScriptingObjects (0ms)
		CreateAndSetChildDomain (15ms)
	RebuildCommonClasses (18ms)
	RebuildNativeTypeToScriptingClass (5ms)
	initialDomainReloadingComplete (23ms)
	LoadAllAssembliesAndSetupDomain (283ms)
		LoadAssemblies (158ms)
		RebuildTransferFunctionScriptingTraits (0ms)
		AnalyzeDomain (164ms)
			TypeCache.Refresh (136ms)
				TypeCache.ScanAssembly (126ms)
			ScanForSourceGeneratedMonoScriptInfo (17ms)
			ResolveRequiredComponents (8ms)
	FinalizeReload (464ms)
		ReleaseScriptCaches (0ms)
		RebuildScriptCaches (0ms)
		SetupLoadedEditorAssemblies (356ms)
			LogAssemblyErrors (0ms)
			InitializePlatformSupportModulesInManaged (3ms)
			SetLoadedEditorAssemblies (2ms)
			RefreshPlugins (0ms)
			BeforeProcessingInitializeOnLoad (43ms)
			ProcessInitializeOnLoadAttributes (283ms)
			ProcessInitializeOnLoadMethodAttributes (22ms)
			AfterProcessingInitializeOnLoad (3ms)
			EditorAssembliesLoaded (0ms)
		ExecutionOrderSort2 (0ms)
		AwakeInstancesAfterBackupRestoration (4ms)
WARNING: Shader Unsupported: 'HDRP/TerrainLit' - All subshaders removed
WARNING: Shader Did you use #pragma only_renderers and omit this platform?
WARNING: Shader If subshaders removal was intentional, you may have forgotten turning Fallback off?
WARNING: Shader Unsupported: 'HDRP/TerrainLit' - All subshaders removed
WARNING: Shader Did you use #pragma only_renderers and omit this platform?
WARNING: Shader If subshaders removal was intentional, you may have forgotten turning Fallback off?
WARNING: Shader Unsupported: 'Hidden/Universal Render Pipeline/Terrain/Lit (Base Pass)' - All subshaders removed
WARNING: Shader Did you use #pragma only_renderers and omit this platform?
WARNING: Shader If subshaders removal was intentional, you may have forgotten turning Fallback off?
WARNING: Shader Unsupported: 'Hidden/Universal Render Pipeline/Terrain/Lit (Base Pass)' - All subshaders removed
WARNING: Shader Did you use #pragma only_renderers and omit this platform?
WARNING: Shader If subshaders removal was intentional, you may have forgotten turning Fallback off?
WARNING: Shader Unsupported: 'Universal Render Pipeline/Terrain/Lit' - All subshaders removed
WARNING: Shader Did you use #pragma only_renderers and omit this platform?
WARNING: Shader If subshaders removal was intentional, you may have forgotten turning Fallback off?
WARNING: Shader Unsupported: 'Universal Render Pipeline/Terrain/Lit' - All subshaders removed
WARNING: Shader Did you use #pragma only_renderers and omit this platform?
WARNING: Shader If subshaders removal was intentional, you may have forgotten turning Fallback off?
Launched and connected shader compiler UnityShaderCompiler.exe after 0.04 seconds
Refreshing native plugins compatible for Editor in 1.62 ms, found 3 plugins.
Preloading 0 native plugins for Editor in 0.00 ms.
Unloading 7462 Unused Serialized files (Serialized files now loaded: 0)
Unloading 152 unused Assets / (13.2 MB). Loaded Objects now: 7823.
Memory consumption went from 324.9 MB to 311.7 MB.
Total: 7.396800 ms (FindLiveObjects: 0.762700 ms CreateObjectMapping: 0.154600 ms MarkObjects: 3.297100 ms  DeleteObjects: 3.181300 ms)

AssetImportParameters requested are different than current active one (requested -> active):
  custom:container-demuxer-ogg: 62fdf1f143b41e24485cea50d1cbac27 -> 
  custom:framework-win-MediaFoundation: 216162199b28c13a410421893ffa2e32 -> 
  custom:container-muxer-webm: aa71ff27fc2769a1b78a27578f13a17b -> 
  custom:video-decoder-webm-vp8: 9c59270c3fd7afecdb556c50c9e8de78 -> 
  custom:SearchIndexIgnoredProperties: e643bd26f0fe6173181afceb89e7c659 -> 
  custom:AudioImporter_EditorPlatform: d09bf68614088b80899f8185d706f6e7 -> 
  custom:audio-decoder-ogg-vorbis: bf7c407c2cedff20999df2af8eb42d56 -> 
  custom:audio-encoder-webm-vorbis: bf7c407c2cedff20999df2af8eb42d56 -> 
  custom:video-codec-MediaFoundation-h265: 746d11721c4dcdbdad8f713fa42b33f4 -> 
  custom:video-decoder-ogg-theora: a1e56fd34408186e4bbccfd4996cb3dc -> 
  custom:CustomObjectIndexerAttribute: 72b91833f83ae208fae7752999fa3104 -> 
  custom:container-demuxer-webm: 4f35f7cbe854078d1ac9338744f61a02 -> 
  custom:video-encoder-webm-vp8: eb34c28f22e8b96e1ab97ce403110664 -> 
========================================================================
Received Import Request.
  Time since last request: 302455.630227 seconds.
  path: Assets/Scripts/NewBehaviourScript.cs
  artifactKey: Guid(35f61cd48cf605b41b3f0b9220c4feb0) Importer(815301076,1909f56bfc062723c751e8b465ee728b)
Start importing Assets/Scripts/NewBehaviourScript.cs using Guid(35f61cd48cf605b41b3f0b9220c4feb0) Importer(815301076,1909f56bfc062723c751e8b465ee728b) [PhysX] Initialized MultithreadedTaskDispatcher with 16 workers.
 -> (artifact id: '70c279840807ac2c9cb037927485d13e') in 0.001475 seconds
Number of updated asset objects reloaded before import = 0
Number of asset objects unloaded after import = 0
========================================================================
Received Prepare
Caller must complete domain reload
Begin MonoManager ReloadAssembly
- Loaded All Assemblies, in  0.286 seconds
Native extension for WindowsStandalone target not found
[Package Manager] Server::EnsureServerProcessIsRunning -- launch failed, reason: Unity was launched with the -noUpm command-line argument
[Package Manager] UpmClient::Send -- Unable to send message (not connected to UPM process).
[Package Manager] Cannot connect to Unity Package Manager local server
Mono: successfully reloaded assembly
- Finished resetting the current domain, in  0.667 seconds
Domain Reload Profiling: 952ms
	BeginReloadAssembly (99ms)
		ExecutionOrderSort (0ms)
		DisableScriptedObjects (2ms)
		BackupInstance (0ms)
		ReleaseScriptingObjects (0ms)
		CreateAndSetChildDomain (34ms)
	RebuildCommonClasses (17ms)
	RebuildNativeTypeToScriptingClass (6ms)
	initialDomainReloadingComplete (15ms)
	LoadAllAssembliesAndSetupDomain (148ms)
		LoadAssemblies (146ms)
		RebuildTransferFunctionScriptingTraits (0ms)
		AnalyzeDomain (42ms)
			TypeCache.Refresh (7ms)
				TypeCache.ScanAssembly (0ms)
			ScanForSourceGeneratedMonoScriptInfo (26ms)
			ResolveRequiredComponents (7ms)
	FinalizeReload (667ms)
		ReleaseScriptCaches (0ms)
		RebuildScriptCaches (0ms)
		SetupLoadedEditorAssemblies (339ms)
			LogAssemblyErrors (0ms)
			InitializePlatformSupportModulesInManaged (3ms)
			SetLoadedEditorAssemblies (2ms)
			RefreshPlugins (0ms)
			BeforeProcessingInitializeOnLoad (49ms)
			ProcessInitializeOnLoadAttributes (264ms)
			ProcessInitializeOnLoadMethodAttributes (17ms)
			AfterProcessingInitializeOnLoad (3ms)
			EditorAssembliesLoaded (0ms)
		ExecutionOrderSort2 (0ms)
		AwakeInstancesAfterBackupRestoration (4ms)
WARNING: Shader Unsupported: 'HDRP/TerrainLit' - All subshaders removed
WARNING: Shader Did you use #pragma only_renderers and omit this platform?
WARNING: Shader If subshaders removal was intentional, you may have forgotten turning Fallback off?
WARNING: Shader Unsupported: 'HDRP/TerrainLit' - All subshaders removed
WARNING: Shader Did you use #pragma only_renderers and omit this platform?
WARNING: Shader If subshaders removal was intentional, you may have forgotten turning Fallback off?
WARNING: Shader Unsupported: 'Hidden/Universal Render Pipeline/Terrain/Lit (Base Pass)' - All subshaders removed
WARNING: Shader Did you use #pragma only_renderers and omit this platform?
WARNING: Shader If subshaders removal was intentional, you may have forgotten turning Fallback off?
WARNING: Shader Unsupported: 'Hidden/Universal Render Pipeline/Terrain/Lit (Base Pass)' - All subshaders removed
WARNING: Shader Did you use #pragma only_renderers and omit this platform?
WARNING: Shader If subshaders removal was intentional, you may have forgotten turning Fallback off?
WARNING: Shader Unsupported: 'Universal Render Pipeline/Terrain/Lit' - All subshaders removed
WARNING: Shader Did you use #pragma only_renderers and omit this platform?
WARNING: Shader If subshaders removal was intentional, you may have forgotten turning Fallback off?
WARNING: Shader Unsupported: 'Universal Render Pipeline/Terrain/Lit' - All subshaders removed
WARNING: Shader Did you use #pragma only_renderers and omit this platform?
WARNING: Shader If subshaders removal was intentional, you may have forgotten turning Fallback off?
Refreshing native plugins compatible for Editor in 1.75 ms, found 3 plugins.
Preloading 0 native plugins for Editor in 0.00 ms.
Unloading 7243 Unused Serialized files (Serialized files now loaded: 0)
Unloading 146 unused Assets / (13.3 MB). Loaded Objects now: 7827.
Memory consumption went from 274.2 MB to 260.9 MB.
Total: 7.905000 ms (FindLiveObjects: 0.687500 ms CreateObjectMapping: 0.168100 ms MarkObjects: 3.370600 ms  DeleteObjects: 3.677700 ms)

Prepare: number of updated asset objects reloaded= 0
AssetImportParameters requested are different than current active one (requested -> active):
  custom:container-demuxer-ogg: 62fdf1f143b41e24485cea50d1cbac27 -> 
  custom:framework-win-MediaFoundation: 216162199b28c13a410421893ffa2e32 -> 
  custom:container-muxer-webm: aa71ff27fc2769a1b78a27578f13a17b -> 
  custom:video-decoder-webm-vp8: 9c59270c3fd7afecdb556c50c9e8de78 -> 
  custom:SearchIndexIgnoredProperties: e643bd26f0fe6173181afceb89e7c659 -> 
  custom:AudioImporter_EditorPlatform: d09bf68614088b80899f8185d706f6e7 -> 
  custom:audio-decoder-ogg-vorbis: bf7c407c2cedff20999df2af8eb42d56 -> 
  custom:audio-encoder-webm-vorbis: bf7c407c2cedff20999df2af8eb42d56 -> 
  custom:scripting/precompiled-assembly-types:Assembly-CSharp: e9744824e9dea910d6aa3fa308ace2b5 -> 58381b7dd41b4c8682a4db62f7445902
  custom:video-codec-MediaFoundation-h265: 746d11721c4dcdbdad8f713fa42b33f4 -> 
  custom:video-decoder-ogg-theora: a1e56fd34408186e4bbccfd4996cb3dc -> 
  custom:scripting/monoscript/fileName/NewBehaviourScript.cs: b21687ddb03d73bd9f0c1daecb9714de -> 
  custom:CustomObjectIndexerAttribute: 72b91833f83ae208fae7752999fa3104 -> 
  custom:container-demuxer-webm: 4f35f7cbe854078d1ac9338744f61a02 -> 
  custom:video-encoder-webm-vp8: eb34c28f22e8b96e1ab97ce403110664 -> 
========================================================================
Received Import Request.
  Time since last request: 10.853345 seconds.
  path: Assets/Scripts/PlayerReset.cs
  artifactKey: Guid(35f61cd48cf605b41b3f0b9220c4feb0) Importer(815301076,1909f56bfc062723c751e8b465ee728b)
Start importing Assets/Scripts/PlayerReset.cs using Guid(35f61cd48cf605b41b3f0b9220c4feb0) Importer(815301076,1909f56bfc062723c751e8b465ee728b) [PhysX] Initialized MultithreadedTaskDispatcher with 16 workers.
 -> (artifact id: 'f62b8384613282253ce80bcdd488d251') in 0.012542 seconds
Number of updated asset objects reloaded before import = 0
Number of asset objects unloaded after import = 0
========================================================================
Received Import Request.
  Time since last request: 10.765077 seconds.
  path: Assets/Scripts/PlayerReset.cs
  artifactKey: Guid(35f61cd48cf605b41b3f0b9220c4feb0) Importer(815301076,1909f56bfc062723c751e8b465ee728b)
Start importing Assets/Scripts/PlayerReset.cs using Guid(35f61cd48cf605b41b3f0b9220c4feb0) Importer(815301076,1909f56bfc062723c751e8b465ee728b) [PhysX] Initialized MultithreadedTaskDispatcher with 16 workers.
 -> (artifact id: 'f7d1f3079fe5de96e47643937a315826') in 0.000434 seconds
Number of updated asset objects reloaded before import = 0
Number of asset objects unloaded after import = 0
========================================================================
Received Import Request.
  Time since last request: 9.263562 seconds.
  path: Assets/Scripts/PlayerReset.cs
  artifactKey: Guid(35f61cd48cf605b41b3f0b9220c4feb0) Importer(815301076,1909f56bfc062723c751e8b465ee728b)
Start importing Assets/Scripts/PlayerReset.cs using Guid(35f61cd48cf605b41b3f0b9220c4feb0) Importer(815301076,1909f56bfc062723c751e8b465ee728b) [PhysX] Initialized MultithreadedTaskDispatcher with 16 workers.
 -> (artifact id: '86649bbaa564f2ba7c7c5fdac7efffea') in 0.000445 seconds
Number of updated asset objects reloaded before import = 0
Number of asset objects unloaded after import = 0
========================================================================
Received Prepare
Caller must complete domain reload
Begin MonoManager ReloadAssembly
- Loaded All Assemblies, in  0.290 seconds
Native extension for WindowsStandalone target not found
[Package Manager] Server::EnsureServerProcessIsRunning -- launch failed, reason: Unity was launched with the -noUpm command-line argument
[Package Manager] UpmClient::Send -- Unable to send message (not connected to UPM process).
[Package Manager] Cannot connect to Unity Package Manager local server
Mono: successfully reloaded assembly
- Finished resetting the current domain, in  0.707 seconds
Domain Reload Profiling: 996ms
	BeginReloadAssembly (96ms)
		ExecutionOrderSort (0ms)
		DisableScriptedObjects (2ms)
		BackupInstance (0ms)
		ReleaseScriptingObjects (0ms)
		CreateAndSetChildDomain (30ms)
	RebuildCommonClasses (16ms)
	RebuildNativeTypeToScriptingClass (7ms)
	initialDomainReloadingComplete (16ms)
	LoadAllAssembliesAndSetupDomain (155ms)
		LoadAssemblies (156ms)
		RebuildTransferFunctionScriptingTraits (0ms)
		AnalyzeDomain (40ms)
			TypeCache.Refresh (7ms)
				TypeCache.ScanAssembly (0ms)
			ScanForSourceGeneratedMonoScriptInfo (25ms)
			ResolveRequiredComponents (7ms)
	FinalizeReload (707ms)
		ReleaseScriptCaches (0ms)
		RebuildScriptCaches (0ms)
		SetupLoadedEditorAssemblies (356ms)
			LogAssemblyErrors (0ms)
			InitializePlatformSupportModulesInManaged (4ms)
			SetLoadedEditorAssemblies (2ms)
			RefreshPlugins (0ms)
			BeforeProcessingInitializeOnLoad (49ms)
			ProcessInitializeOnLoadAttributes (276ms)
			ProcessInitializeOnLoadMethodAttributes (22ms)
			AfterProcessingInitializeOnLoad (3ms)
			EditorAssembliesLoaded (0ms)
		ExecutionOrderSort2 (0ms)
		AwakeInstancesAfterBackupRestoration (4ms)
WARNING: Shader Unsupported: 'HDRP/TerrainLit' - All subshaders removed
WARNING: Shader Did you use #pragma only_renderers and omit this platform?
WARNING: Shader If subshaders removal was intentional, you may have forgotten turning Fallback off?
WARNING: Shader Unsupported: 'HDRP/TerrainLit' - All subshaders removed
WARNING: Shader Did you use #pragma only_renderers and omit this platform?
WARNING: Shader If subshaders removal was intentional, you may have forgotten turning Fallback off?
WARNING: Shader Unsupported: 'Hidden/Universal Render Pipeline/Terrain/Lit (Base Pass)' - All subshaders removed
WARNING: Shader Did you use #pragma only_renderers and omit this platform?
WARNING: Shader If subshaders removal was intentional, you may have forgotten turning Fallback off?
WARNING: Shader Unsupported: 'Hidden/Universal Render Pipeline/Terrain/Lit (Base Pass)' - All subshaders removed
WARNING: Shader Did you use #pragma only_renderers and omit this platform?
WARNING: Shader If subshaders removal was intentional, you may have forgotten turning Fallback off?
WARNING: Shader Unsupported: 'Universal Render Pipeline/Terrain/Lit' - All subshaders removed
WARNING: Shader Did you use #pragma only_renderers and omit this platform?
WARNING: Shader If subshaders removal was intentional, you may have forgotten turning Fallback off?
WARNING: Shader Unsupported: 'Universal Render Pipeline/Terrain/Lit' - All subshaders removed
WARNING: Shader Did you use #pragma only_renderers and omit this platform?
WARNING: Shader If subshaders removal was intentional, you may have forgotten turning Fallback off?
Refreshing native plugins compatible for Editor in 1.95 ms, found 3 plugins.
Preloading 0 native plugins for Editor in 0.00 ms.
Unloading 7243 Unused Serialized files (Serialized files now loaded: 0)
Unloading 146 unused Assets / (13.3 MB). Loaded Objects now: 7830.
Memory consumption went from 274.2 MB to 260.9 MB.
Total: 8.857500 ms (FindLiveObjects: 0.782700 ms CreateObjectMapping: 0.196100 ms MarkObjects: 4.257900 ms  DeleteObjects: 3.619700 ms)

Prepare: number of updated asset objects reloaded= 0
AssetImportParameters requested are different than current active one (requested -> active):
  custom:container-demuxer-ogg: 62fdf1f143b41e24485cea50d1cbac27 -> 
  custom:framework-win-MediaFoundation: 216162199b28c13a410421893ffa2e32 -> 
  custom:scripting/monoscript/fileName/PlayerReset.cs: 92e7b012104f1b1328c0620accb28f91 -> 
  custom:container-muxer-webm: aa71ff27fc2769a1b78a27578f13a17b -> 
  custom:video-decoder-webm-vp8: 9c59270c3fd7afecdb556c50c9e8de78 -> 
  custom:SearchIndexIgnoredProperties: e643bd26f0fe6173181afceb89e7c659 -> 
  custom:AudioImporter_EditorPlatform: d09bf68614088b80899f8185d706f6e7 -> 
  custom:audio-decoder-ogg-vorbis: bf7c407c2cedff20999df2af8eb42d56 -> 
  custom:audio-encoder-webm-vorbis: bf7c407c2cedff20999df2af8eb42d56 -> 
  custom:scripting/precompiled-assembly-types:Assembly-CSharp: 17a4bddbf74c8d2502a918a67e6b3ab0 -> 58381b7dd41b4c8682a4db62f7445902
  custom:video-codec-MediaFoundation-h265: 746d11721c4dcdbdad8f713fa42b33f4 -> 
  custom:video-decoder-ogg-theora: a1e56fd34408186e4bbccfd4996cb3dc -> 
  custom:scripting/monoscript/fileName/NewBehaviourScript.cs: b21687ddb03d73bd9f0c1daecb9714de -> 
  custom:CustomObjectIndexerAttribute: 72b91833f83ae208fae7752999fa3104 -> 
  custom:container-demuxer-webm: 4f35f7cbe854078d1ac9338744f61a02 -> 
  custom:video-encoder-webm-vp8: eb34c28f22e8b96e1ab97ce403110664 -> 
========================================================================
Received Import Request.
  Time since last request: 980.421857 seconds.
  path: ProjectSettings/TagManager.asset
  artifactKey: Guid(00000000000000003000000000000000) Importer(815301076,1909f56bfc062723c751e8b465ee728b)
Start importing ProjectSettings/TagManager.asset using Guid(00000000000000003000000000000000) Importer(815301076,1909f56bfc062723c751e8b465ee728b) [PhysX] Initialized MultithreadedTaskDispatcher with 16 workers.
 -> (artifact id: 'a2ed4f3eafcc2bc862c440eaeb831565') in 0.007572 seconds
Number of updated asset objects reloaded before import = 0
Number of asset objects unloaded after import = 0
========================================================================
Received Import Request.
  Time since last request: 921.614686 seconds.
  path: Assets/Scripts/RSideAnimation.anim
  artifactKey: Guid(b11a3a18672bb9e448a3a27c11745816) Importer(815301076,1909f56bfc062723c751e8b465ee728b)
Start importing Assets/Scripts/RSideAnimation.anim using Guid(b11a3a18672bb9e448a3a27c11745816) Importer(815301076,1909f56bfc062723c751e8b465ee728b) [PhysX] Initialized MultithreadedTaskDispatcher with 16 workers.
 -> (artifact id: 'b44a9c219073f37d220d0e15aa85c1ed') in 0.001575 seconds
Number of updated asset objects reloaded before import = 0
Number of asset objects unloaded after import = 1
========================================================================
Received Prepare
Caller must complete domain reload
Begin MonoManager ReloadAssembly
Symbol file LoadedFromMemory is not a mono symbol file
- Loaded All Assemblies, in  0.477 seconds
Native extension for WindowsStandalone target not found
[Package Manager] Server::EnsureServerProcessIsRunning -- launch failed, reason: Unity was launched with the -noUpm command-line argument
[Package Manager] UpmClient::Send -- Unable to send message (not connected to UPM process).
[Package Manager] Cannot connect to Unity Package Manager local server
Mono: successfully reloaded assembly
- Finished resetting the current domain, in  0.867 seconds
Domain Reload Profiling: 1344ms
	BeginReloadAssembly (104ms)
		ExecutionOrderSort (0ms)
		DisableScriptedObjects (2ms)
		BackupInstance (0ms)
		ReleaseScriptingObjects (0ms)
		CreateAndSetChildDomain (35ms)
	RebuildCommonClasses (27ms)
	RebuildNativeTypeToScriptingClass (8ms)
	initialDomainReloadingComplete (21ms)
	LoadAllAssembliesAndSetupDomain (315ms)
		LoadAssemblies (192ms)
		RebuildTransferFunctionScriptingTraits (0ms)
		AnalyzeDomain (166ms)
			TypeCache.Refresh (129ms)
				TypeCache.ScanAssembly (115ms)
			ScanForSourceGeneratedMonoScriptInfo (26ms)
			ResolveRequiredComponents (9ms)
	FinalizeReload (868ms)
		ReleaseScriptCaches (0ms)
		RebuildScriptCaches (0ms)
		SetupLoadedEditorAssemblies (449ms)
			LogAssemblyErrors (0ms)
			InitializePlatformSupportModulesInManaged (3ms)
			SetLoadedEditorAssemblies (2ms)
			RefreshPlugins (0ms)
			BeforeProcessingInitializeOnLoad (57ms)
			ProcessInitializeOnLoadAttributes (350ms)
			ProcessInitializeOnLoadMethodAttributes (33ms)
			AfterProcessingInitializeOnLoad (4ms)
			EditorAssembliesLoaded (0ms)
		ExecutionOrderSort2 (0ms)
		AwakeInstancesAfterBackupRestoration (5ms)
WARNING: Shader Unsupported: 'HDRP/TerrainLit' - All subshaders removed
WARNING: Shader Did you use #pragma only_renderers and omit this platform?
WARNING: Shader If subshaders removal was intentional, you may have forgotten turning Fallback off?
WARNING: Shader Unsupported: 'HDRP/TerrainLit' - All subshaders removed
WARNING: Shader Did you use #pragma only_renderers and omit this platform?
WARNING: Shader If subshaders removal was intentional, you may have forgotten turning Fallback off?
WARNING: Shader Unsupported: 'Hidden/Universal Render Pipeline/Terrain/Lit (Base Pass)' - All subshaders removed
WARNING: Shader Did you use #pragma only_renderers and omit this platform?
WARNING: Shader If subshaders removal was intentional, you may have forgotten turning Fallback off?
WARNING: Shader Unsupported: 'Hidden/Universal Render Pipeline/Terrain/Lit (Base Pass)' - All subshaders removed
WARNING: Shader Did you use #pragma only_renderers and omit this platform?
WARNING: Shader If subshaders removal was intentional, you may have forgotten turning Fallback off?
WARNING: Shader Unsupported: 'Universal Render Pipeline/Terrain/Lit' - All subshaders removed
WARNING: Shader Did you use #pragma only_renderers and omit this platform?
WARNING: Shader If subshaders removal was intentional, you may have forgotten turning Fallback off?
WARNING: Shader Unsupported: 'Universal Render Pipeline/Terrain/Lit' - All subshaders removed
WARNING: Shader Did you use #pragma only_renderers and omit this platform?
WARNING: Shader If subshaders removal was intentional, you may have forgotten turning Fallback off?
Refreshing native plugins compatible for Editor in 4.68 ms, found 3 plugins.
Preloading 0 native plugins for Editor in 0.00 ms.
Unloading 7976 Unused Serialized files (Serialized files now loaded: 0)
Unloading 147 unused Assets / (13.3 MB). Loaded Objects now: 8566.
Memory consumption went from 290.4 MB to 277.2 MB.
Total: 8.400200 ms (FindLiveObjects: 0.688500 ms CreateObjectMapping: 0.171400 ms MarkObjects: 3.932800 ms  DeleteObjects: 3.606200 ms)

Prepare: number of updated asset objects reloaded= 0
AssetImportParameters requested are different than current active one (requested -> active):
  custom:scripting/monoscript/fileName/DependencyTreeExceptions.cs: 8d717c8797566529cf594f9aab3c0409 -> 
  custom:scripting/monoscript/fileName/IDiagnosticsComponentProvider.cs: dbeac349f8c5591a0ab13c5e6354061e -> 
  custom:scripting/monoscript/fileName/INetworkHandler.cs: ff71e4526a605d13f8a248b2fb248467 -> 
  custom:scripting/monoscript/fileName/PlayerDataApiClient.cs: a7d7bdbda6bdafd1def5797f98697810 -> 
  custom:scripting/monoscript/fileName/Factories.Gen.cs: c9550e2a227c017a16a3e473be870754 -> 
  custom:scripting/monoscript/fileName/CloudProjectId.cs: 61b53512fd04ee0daa00dda45457438b -> 
  custom:scripting/monoscript/fileName/Image.cs: 57c031c69d708eb6bcb555c142754782 -> 6de57a38a15ba12fcae94a37a624e92b
  custom:scripting/monoscript/fileName/WebRequestException.cs: 8f71d19fe8e6461e910f7c70d945e342 -> 
  custom:scripting/monoscript/fileName/IServiceRegistry.cs: 27b0be3a7d5fbabc2f8cff0f28316b4a -> 
  custom:scripting/monoscript/fileName/ListIdProviderResponse.cs: 24d3cd8484902e66655a7c7adada04dc -> 
  custom:scripting/monoscript/fileName/UpdateIdProviderRequest.cs: 90dca144cff885691d127e212281d94c -> 
  custom:scripting/monoscript/fileName/SerializableProjectConfiguration.cs: 8d2aa3b56842beb1ee3e05f5a4e2f3c4 -> 
  custom:scripting/monoscript/fileName/RootExtensions.cs: 8dfad5c5c2667e81a494fd72d4ec0c70 -> 3bfb9bc127f2bb15d1f828f9b976761d
  custom:scripting/monoscript/fileName/AuthenticationServiceInternal.cs: f2320ad47adf55f9875741b342dc3b01 -> 
  custom:scripting/monoscript/fileName/IServiceComponent.cs: 56d2b4986149318278267c2a2e499b7e -> 
  custom:scripting/monoscript/fileName/AuthenticationErrorResponse.cs: 76f05213252f5363e53adf0a1ec22027 -> 
  custom:container-demuxer-ogg: 62fdf1f143b41e24485cea50d1cbac27 -> 
  custom:scripting/monoscript/fileName/CommonErrorCodes.cs: 75f302fd69f29841b35f2306c97082ed -> 
  custom:scripting/monoscript/fileName/AuthenticationIdentifier.cs: 6374db9872b89ce7919b9e96916b7540 -> 
  custom:scripting/monoscript/fileName/AccessToken.cs: e7ce0a8acab470a7b99191c4ddcad1b8 -> 
  custom:scripting/monoscript/fileName/IChannelTokenProvider.cs: d41d74d962184eab5928b0b3bdda1ee9 -> 
  custom:scripting/monoscript/fileName/PlayerNamesApi.cs: ed0cc90b3fc5171261d879532c722c4c -> 
  custom:scripting/monoscript/fileName/EditorGameServiceRegistry.cs: 0265fd85a62bd33c32f256257ebc576f -> 
  custom:scripting/monoscript/fileName/ProgressBar.Gen.cs: 09dcf9975c3de3bc94763c35db49d364 -> 
  custom:scripting/monoscript/fileName/PlayerAccountEditorService.cs: 222e8258b7a745a4502c530fdb5a53b9 -> 
  custom:scripting/monoscript/fileName/NetworkConfiguration.cs: e2bae49c2fc410abb400f06d057a575f -> 
  custom:scripting/monoscript/fileName/ResponseHandler.cs: 8cba9207a50e621322128505fe718a71 -> 
  custom:scripting/monoscript/fileName/LockedServiceRegistry.cs: ea77a1a45ffb4a9bcd250cb8233d16f9 -> 
  custom:scripting/monoscript/fileName/ProfileEventArgs.cs: 1bd9f2f8f4e6a6917d01c1dcd6c8b351 -> 
  custom:scripting/monoscript/fileName/GetFileMetadata400OneOf.cs: 6835252109a00064fd9e0afbc102768b -> 
  custom:scripting/monoscript/fileName/CoreLogger.cs: 1639b74467b5a585128e7c7cefe73635 -> 
  custom:scripting/monoscript/fileName/ExternalUserIdProperty.cs: e9524414c13dc2d0db279d48f3b164ab -> 
  custom:scripting/monoscript/fileName/DisabledMetrics.cs: bbb9bc05cfe10f1818b0676306a0b1b1 -> 
  custom:scripting/monoscript/fileName/CloudSaveSettingsProvider.cs: b78f8b81d2e27225d7a9ed6728ed64a4 -> 
  custom:scripting/monoscript/fileName/LinkWithAppleGameCenterRequest.cs: e0f7a0b7c8e104323b604274601d0766 -> 
  custom:scripting/monoscript/fileName/AuthenticationExceptionHandler.cs: 1e494c22c604eb7b12380bc88616e91a -> 
  custom:scripting/monoscript/fileName/VisibilityPropertyDrawer.cs: 70b7b4d25eb9ea5fda3178a1b5e85242 -> 
  custom:scripting/monoscript/fileName/DisabledMetricsFactory.cs: 7be501bd0f16d76131ffa436d7274447 -> 
  custom:scripting/monoscript/fileName/IEditorAnalyticsEventRegistrant.cs: c4a0f7089b5b21ceafb7834c915d762f -> 
  custom:scripting/monoscript/fileName/SettingsCommonHeaderUiHelper.cs: 394582b395d6aebbb1e6e49abf6a1645 -> 
  custom:scripting/monoscript/fileName/DataService.cs: 09f1a24ea4196205beb3910939f7ee33 -> 
  custom:scripting/monoscript/fileName/AuthenticationServiceInternal.CodeLink.cs: f2320ad47adf55f9875741b342dc3b01 -> 
  custom:scripting/monoscript/fileName/IJsonSerializer.cs: 952e0b7cbb25051b8e0e85eda2a653c8 -> 
  custom:scripting/precompiled-assembly-types:Unity.Services.Core.Internal: c96c928c37d481d9497b4d4112bb56c7 -> 
  custom:scripting/monoscript/fileName/PbrMetallicRoughness.cs: 294ca8c177f33c3089c09acdaf8a254f -> 
  custom:scripting/monoscript/fileName/HttpClientResponse.cs: c279d4b5796744dbd18de3b9c79c7dc2 -> 
  custom:scripting/monoscript/fileName/XmlLinkedEvent.cs: efe4e7e159b94963c650fb293df0f9ff -> 
  custom:scripting/monoscript/fileName/AsyncOpRetry.cs: 8eda64359bb0401a5279dbdac207f26d -> 
  custom:scripting/monoscript/fileName/ListFiles400OneOf.cs: 2613b05cedacc779723acf2470ffaad7 -> 
  custom:scripting/monoscript/fileName/IUserRoleRequest.cs: ccc5b229323b6e9c080254df6d4b51cb -> 
  custom:scripting/monoscript/fileName/DependencyTreeExtensions.cs: 63e3c71f0d430a351e6159f69f0a0682 -> 
  custom:scripting/precompiled-assembly-types:Unity.Services.Authentication.PlayerAccounts.Editor: 5c3b31bffb0adf61a50af8b42d9b3d0a -> 
  custom:scripting/monoscript/fileName/UnityThreadUtils.cs: 6f10d79f183f36877232e308ffa4d195 -> 
  custom:scripting/monoscript/fileName/Notifications.Gen.cs: 0b77852ac67d3ab84f489a2ddbdf8168 -> 
  custom:scripting/precompiled-assembly-types:Unity.Services.Core.Components: b1235f9078edc76fe980fa236b46b6b1 -> 
  custom:scripting/monoscript/fileName/CustomGltfImport.cs: 1b2c1ebb68a1f5570cc0d22aae19272b -> 
  custom:scripting/monoscript/fileName/TokenExchangeErrorResponse.cs: f6ae53171c98a8fffae49d38e43b1ec2 -> 
  custom:scripting/monoscript/fileName/EnvironmentsApi.cs: d5d1f45bf03abd7dd2f469acfd3b5bcb -> 
  custom:scripting/monoscript/fileName/EnvironmentsOptionsExtensions.cs: 1e2776231b4e06a0e9b293a3623d643e -> 
  custom:scripting/monoscript/fileName/IServerEnvironmentId.cs: fff64b157cd649d3d948016718fba14e -> 
  custom:scripting/monoscript/fileName/ProjectStateRequest.cs: 6ba5b48af1466d2a4dbb6e908352d7c6 -> 
  custom:scripting/monoscript/fileName/ProjectBindRedirectPopupWindow.cs: 03988f1b5263bdfb55c00f001c224465 -> 
  custom:scripting/monoscript/fileName/IEnvironmentSaveSystem.cs: 8319bf770542e6764e5512ea06d2b015 -> 
  custom:scripting/monoscript/fileName/OrganizationProvider.cs: f2089b4351294d4815b134a51aba3d17 -> 
  custom:scripting/monoscript/fileName/BaseApiClient.cs: 9c2f263ebcccf640bae859aa77f2cf35 -> 
  custom:scripting/monoscript/fileName/IAsyncOperationAwaiter.cs: 4e390262389eabe5476a62852a905252 -> 
  custom:scripting/monoscript/fileName/ProjectStateHelper.cs: a377430869822a008fcaab13302eb7b2 -> 
  custom:scripting/monoscript/fileName/UnityGetUserGuestProjects200Response.cs: 101aa8e271472b02f3ae37c6ca9da3cb -> 
  custom:scripting/monoscript/fileName/TypeAlreadyRegisteredException.Gen.cs: f78f490406edcce398401642789c4f0d -> 
  custom:scripting/monoscript/fileName/UnityWebRequestClient.cs: 171ccf79c76240837e46a8b79f973b6e -> 
  custom:framework-win-MediaFoundation: 216162199b28c13a410421893ffa2e32 -> 
  custom:scripting/monoscript/fileName/AbstractRuntimeServices.Gen.cs: 90647cc400823b41df847a6cbfc29026 -> 
  custom:scripting/monoscript/fileName/SaveData.deprecated.cs: e924bfeeb5afbd7182a53e137c0aa4ae -> 
  custom:scripting/monoscript/fileName/EnvironmentInfo.cs: 78a754ae7b45de5c0f5a2d3aef9c92f6 -> 
  custom:scripting/monoscript/fileName/UnlinkResponse.cs: 5c3d6fd0bc8ad5a2b96081560c4e2afd -> 
  custom:scripting/monoscript/fileName/PlayerAccountsException.cs: f345195172d5e267745a144c3f1e950e -> 
  custom:scripting/monoscript/fileName/MemoryConfigurationLoader.cs: e1621a8e05504bfbe89a438b0282bf97 -> 
  custom:scripting/monoscript/fileName/FieldFilter.cs: 60b8727d23cbed97ecfe9a4f3731ade4 -> 
  custom:scripting/monoscript/fileName/LinkOptions.cs: d980be51f14aa6893b870934669980d0 -> 
  custom:scripting/monoscript/fileName/StagingTokenExchangeUrls.cs: 7ddebca8557e1d6e23849e5e07df2296 -> 
  custom:scripting/monoscript/fileName/FilesService.cs: cdbd5cf7532e869004caffba81aab86d -> 
  custom:scripting/monoscript/fileName/DeserializationSettings.cs: 32e6074a34ef08c2e3829b66fb5cfffe -> 
  custom:scripting/monoscript/fileName/IProjectConfiguration.cs: 9794b060b4360e9cc39456a13bf716cc -> 
  custom:scripting/monoscript/fileName/CodeLinkInfoRequest.cs: 339ebe0dca40b55f92e751b1738593a4 -> 
  custom:scripting/monoscript/fileName/IDiagnosticsFactory.cs: 8a3a37fd862b7581b4621716ed14b18e -> 
  custom:scripting/monoscript/fileName/IServiceFlagRequest.cs: b3a0a6e65e5600f2006d43595e9e07b1 -> 
  custom:scripting/monoscript/fileName/FileDetails.cs: 89a120ba0cdf74cc7b5e3a403a125eb3 -> 
  custom:scripting/monoscript/fileName/ConfigurationEntry.cs: c1ed8586c7c9df05d945744b24303784 -> 
  custom:scripting/monoscript/fileName/SerializerSettings.cs: 7a7577f480a32058e9496b2ffedf7472 -> 
  custom:scripting/monoscript/fileName/KeyMetadata.cs: 0036ecc53b49fd3450305b001dd28ed5 -> 
  custom:scripting/monoscript/fileName/FileSystem.cs: ab92d4d8629b2af54c3a35102bd12cc4 -> 
  custom:scripting/monoscript/fileName/XmlLinkedMember.cs: 83ebbc44b07d4de0b62121c7811a18b1 -> 
  custom:scripting/precompiled-assembly-types:Unity.Services.Core.Device: 63b48da9c583ff24a0dde69e3097501c -> 
  custom:scripting/monoscript/fileName/IAuthenticationService.cs: 31b1f8ca01e97ab63ffa37f9fac410be -> 
  custom:scripting/monoscript/fileName/JsonWebToken.cs: 576840f242d675d41e4a3e0094ff62a5 -> 
  custom:scripting/monoscript/fileName/IEditorGameServiceIdentifier.cs: a0ceaf826ce6fd5a1bb279e1579a965f -> 
  custom:scripting/monoscript/fileName/OfflineUiHelper.cs: 74f5179e6468b11d72cd60998e0c725b -> 
  custom:scripting/monoscript/fileName/SetItemBatchResponse.cs: b8b91a26309f3b1ec24ba0614db4870b -> 
  custom:scripting/monoscript/fileName/MultipleInstances.cs: a02c2a604522d208311be3879bed135f -> 
  custom:scripting/monoscript/fileName/AsyncOperationAwaiter.cs: ddd9d932eca2ff6dc550c174a68fdc5b -> 
  custom:scripting/monoscript/fileName/RateLimiter.cs: 9e1f40f26553f5b47ce1420027d9a2e0 -> 
  custom:scripting/monoscript/fileName/UnityServicesInitializer.cs: fa9a608355e48120534d684af5f04612 -> 
  custom:scripting/monoscript/fileName/LinkWithExternalTokenRequest.cs: 61c423aaf4de4e3ac498b3de2256f9ff -> 
  custom:scripting/monoscript/fileName/PlayerAccountServiceInternal.cs: c5a61bec22849ac7e0c4d0d9bf307d98 -> 
  custom:scripting/monoscript/fileName/AnimationChannelTarget.cs: ee2599788cb8b23284c54336e84ce4f6 -> d82c96bde816c23f8c496ff09b0db384
  custom:scripting/monoscript/fileName/ActionSchedulerCleaner.cs: 1750f9737ba65c8b5f441e824f90784f -> 
  custom:scripting/monoscript/fileName/ProjectConfiguration.cs: b6a00bb7bd3df2a451321f73e7cb7141 -> 
  custom:scripting/monoscript/fileName/AuthenticationSettingsProvider.cs: 05b37aad70370d94336d7fc60906bf31 -> 
  custom:scripting/monoscript/fileName/ICache.cs: b7e7e60b1aff49487213315bdd7dc2c0 -> 
  custom:scripting/monoscript/fileName/CloudSaveApiErrorHandlerDepr.cs: 3e95c9207c4e1ca0a9706c9f5daa50fb -> 
  custom:scripting/monoscript/fileName/Sync.Gen.cs: ac834b133bcd24c6292144f8ec2fc479 -> 
  custom:scripting/monoscript/fileName/EnvironmentConfigProvider.cs: cadac2235852654a9596b0eac1628eac -> 
  custom:scripting/monoscript/fileName/TokenExchangeResponse.cs: 125c914b11f28208c041a27437fdb238 -> f20183d4cf939766d3c1e15cc3bec2e3
  custom:scripting/monoscript/fileName/NewtonsoftSerializer.cs: 455e87e74f7c4ce7bdb201550b0ccccf -> 
  custom:scripting/monoscript/fileName/AbstractOpenAPISchema.cs: 4c96fa5e2670746d6ef16c9d02321248 -> 
  custom:scripting/monoscript/fileName/AccessTokenErrorUiHelper.cs: 398831acfad9119e6105671c7f2d98b3 -> 
  custom:scripting/monoscript/fileName/ServiceUrlBuilder.cs: 75f301a24c4e4d38116d1a1c11631963 -> 
  custom:scripting/monoscript/fileName/LockedPackageRegistry.cs: 99e3472ea654b46f01a9dea3a90719dd -> 
  custom:scripting/monoscript/fileName/HttpResponse.cs: fe56c84be580f48ba5f6047136e2cf67 -> 
  custom:scripting/monoscript/fileName/ProjectConfigurationBuildInjectorWithPlayerProcessor.cs: bfe4c2bc0cd0ee036e60e1bfa30dda8a -> 
  custom:scripting/monoscript/fileName/IServiceUrlBuilder.cs: 13be638527219a0b32af6fd5c7433f19 -> 
  custom:scripting/monoscript/fileName/IEnvironmentAnalytics.cs: c2ab3518cf2897a2ac4cf87258f13731 -> 
  custom:scripting/monoscript/fileName/PlayerFilesApiClient.cs: 379e65eec188509c182543d466ed80c7 -> 
  custom:scripting/monoscript/fileName/QueryIndexResponseResultsInner.cs: ce21b804f9f42f1d9c4f8362332476a1 -> 
  custom:scripting/monoscript/fileName/DataApiRequests.cs: b9297c867cef4e2334f33036b320a585 -> 
  custom:scripting/monoscript/fileName/MinimumBinaryHeap.cs: 58e2f67451a6dd12649c5819616167df -> 
  custom:scripting/monoscript/fileName/ModelBinding.Gen.cs: 90647cc400823b41df847a6cbfc29026 -> 
  custom:scripting/monoscript/fileName/DependencyNotFoundException.Gen.cs: b85b8fa51199029c7dffa67f92fbcb8c -> 
  custom:scripting/monoscript/fileName/OcclusionTextureInfo.cs: 34fe9bc3ad1c46c228cef221291e13dd -> b345f78bca8e668b903dc3302215ca28
  custom:scripting/monoscript/fileName/IInitializablePackageV2.cs: aa06fccc5712784ca17e5e7b41810911 -> 
  custom:scripting/monoscript/fileName/AuthenticationNetworkClient.cs: 03de7749d9d501955d18d6a6716d33e0 -> 
  custom:scripting/monoscript/fileName/AttemptedItem.cs: 10da084e6bdae9a45d4539d4d53dcb6f -> 
  custom:scripting/monoscript/fileName/AdminApiHeaders.Gen.cs: 90647cc400823b41df847a6cbfc29026 -> 
  custom:scripting/monoscript/fileName/UnityThreadUtilsInternal.cs: db907031b91c05c00109dd0308888529 -> 
  custom:scripting/monoscript/fileName/IBrowserUtils.cs: 853495efd7e1b5a70805e51aec3e9226 -> 
  custom:scripting/monoscript/fileName/HttpClient.cs: 5a2bb32eaec9557862e298898d274a93 -> 
  custom:scripting/monoscript/fileName/AuthenticationEditorServiceInternal.cs: aaa3f524b48c1551d4758f999dcca411 -> 
  custom:scripting/monoscript/fileName/UnityPatchProjectV1Request.cs: c6a39576d362d5719b8c0057b54f465b -> 
  custom:scripting/monoscript/fileName/UriHelper.cs: 99062338ab4d38ee2fecd55738452a61 -> 98493bb4996c3c173e0f1ee68c8a398a
  custom:scripting/monoscript/fileName/ServicesCreationException.cs: 40142800771fcc1f5855193d741c129e -> 
  custom:scripting/monoscript/fileName/IEnvironmentFetcher.cs: 4324c744baa655843f8a2db18e322b79 -> 
  custom:scripting/monoscript/fileName/CloudSaveConflictException.cs: 7f06500d36f7dd14bba1b4e5b103a83e -> 
  custom:scripting/monoscript/fileName/ITokenExchangeUrls.cs: f529e59149e9ccc31fc5b827b34c33db -> 
  custom:scripting/monoscript/fileName/AuthenticationServiceInternal.PlayerNames.cs: f2320ad47adf55f9875741b342dc3b01 -> 
  custom:scripting/precompiled-assembly-types:Unity.Services.Core.Threading: ca5820d3037e7034a063518fa47775e2 -> 
  custom:scripting/monoscript/fileName/ReadOnlyHttpRequest.cs: 8ed1e96527aeaf3049f26baaeff0902d -> 
  custom:scripting/monoscript/fileName/IdProviderOptions.cs: 2237ecb3f519b0161181bd3bf31fe9ea -> 
  custom:scripting/monoscript/fileName/PlayerReset.cs: 92e7b012104f1b1328c0620accb28f91 -> 
  custom:scripting/monoscript/fileName/SignInOptions.cs: 3dfcf5fdd65ccf1bb05a3e4c3cb52e74 -> 
  custom:scripting/monoscript/fileName/PlayerDataService.cs: c257d6429cdf999db2ec56b90f24dd6f -> 
  custom:scripting/monoscript/fileName/Scene.cs: 56ca70d7203fc093945ae347e968500c -> df5894b4a68cc6ade43d49fc1fc5649f
  custom:scripting/monoscript/fileName/BufferViewExtensions.cs: c3caf11ec3b057b2f347d576d7a56886 -> c5296806d991d89868ffc3e496a98d65
  custom:container-muxer-webm: aa71ff27fc2769a1b78a27578f13a17b -> 
  custom:scripting/monoscript/fileName/VisibilityAttribute.cs: 49e798b1c498546f09244503349891b2 -> 
  custom:scripting/monoscript/fileName/ActionScheduler.cs: 26f8b078a6af33e9402a5cc996644a79 -> 
  custom:scripting/monoscript/fileName/SignInWithCodeRequest.cs: 7bf44437e8b421175d4f702d049e1a42 -> 
  custom:scripting/monoscript/fileName/GetKeysResponse.cs: f4c0f5316bfc1394e81417cb414b7d9b -> 
  custom:video-decoder-webm-vp8: 9c59270c3fd7afecdb556c50c9e8de78 -> 
  custom:scripting/monoscript/fileName/EnvironmentSettingsProvider.cs: 237263cbc2f115c0b90b2c3fc83a1110 -> 
  custom:scripting/monoscript/fileName/UnityUpdateOrganizationRequest.cs: c81a99780bba7daac8cc2c5dac469fe1 -> 
  custom:scripting/monoscript/fileName/Asset.cs: adfee6125f845da587eb8048a152df4e -> 35bb531bba839767c7950f0f3c95c59b
  custom:scripting/precompiled-assembly-types:Unity.Services.Authentication.Editor: 3549dec93b44d8e6705cba2a8e2bfd1c -> 
  custom:scripting/precompiled-assembly-types:Unity.Services.Core.Editor: 2ce628c64b79eaab06a757513fdb9c3f -> 
  custom:scripting/monoscript/fileName/UnityAdsIdentifier.cs: 6666e4d931c1a681dcee861ce8dc56a2 -> 
  custom:scripting/monoscript/fileName/RetryPolicyConfig.cs: 31b46fdebe3ac9818ec2969daf0d80c6 -> 
  custom:scripting/monoscript/fileName/PlayerFilesService.cs: 6d9d937aa8136435220205e7f932e928 -> 
  custom:scripting/monoscript/fileName/EnvironmentValidator.cs: 08b5a9dc48dd22c719e1975ef1db1683 -> 
  custom:scripting/monoscript/fileName/BufferView.cs: 6a5b83a065de91ea89fb9743e5d5357c -> ee6094440ad864289a6a3004f6f0c461
  custom:scripting/precompiled-assembly-types:Unity.Services.Authentication: ae2ee74b53993112cd4ff36b0eafdd52 -> 
  custom:scripting/monoscript/fileName/ProjectConfigurationBuilder.cs: 3a77bc00f860533701242ca98886ca86 -> 
  custom:scripting/monoscript/fileName/IAccessTokens.cs: 3e3094814f4dba04dfbc3053655e6598 -> 
  custom:scripting/monoscript/fileName/UserRoleRequestUiHelper.cs: a99a899edbebc06ce30ec51f79ff566a -> 
  custom:scripting/monoscript/fileName/AuthenticationApiClient.cs: 2cc37a8bf9374ef76d2364c0e211cdbf -> 
  custom:scripting/monoscript/fileName/UtcTimeProvider.cs: 34e00235b689057dfe7c5f53347158ea -> 
  custom:scripting/monoscript/fileName/PlayerNameComponent.cs: 616524ede11d4f33e8b32eb57711208b -> 
  custom:SearchIndexIgnoredProperties: e643bd26f0fe6173181afceb89e7c659 -> 
  custom:scripting/monoscript/fileName/Logger.cs: 3bec3eb7e141e23045bf9eb1d3695b17 -> 
  custom:scripting/monoscript/fileName/SystemEnvironmentPathUtils.Gen.cs: 9f60a7d4b8edfd5e67c66c89eee984df -> 
  custom:AudioImporter_EditorPlatform: d09bf68614088b80899f8185d706f6e7 -> 
  custom:scripting/monoscript/fileName/EnvironmentsApiInternal.cs: ddda38a23193b92419a4176f3ffd04a7 -> 
  custom:scripting/monoscript/fileName/PlayerAccountSettingsElement.cs: 5b1395a2175ac0d73823a2634fef8924 -> 
  custom:scripting/monoscript/fileName/EditorGameServiceAnalyticData.cs: 0fc6f3bf04cc7c89fce9a2c7c7ab285b -> 
  custom:scripting/monoscript/fileName/TextureInfoExtensions.cs: 0d0c6c58fd51f50bc9e6dad1fc1bfbda -> 13212a97b29aeae444ed5ced329ae373
  custom:scripting/monoscript/fileName/ConstructorNotFoundException.Gen.cs: d5eeea08ebee99ae8f097d0f6c2b88b0 -> 
  custom:scripting/monoscript/fileName/EnvironmentServiceRegistry.cs: 87c6dee4ea55850e884c48687d120061 -> 
  custom:scripting/monoscript/fileName/AccessTokensSingleton.cs: ed21a5edcf5821a4e4c3f640d88a8890 -> 
  custom:scripting/monoscript/fileName/AuthenticationServiceInternal.Notification.cs: f2320ad47adf55f9875741b342dc3b01 -> 
  custom:scripting/monoscript/fileName/Options.cs: 737904ec107eaa5226e304743dfa56ca -> 
  custom:scripting/monoscript/fileName/IoUtils.cs: 407719a7637f4a4931cf4ba6f0c431e9 -> 
  custom:scripting/monoscript/fileName/PlayerInfoResponse.cs: 7091c573bda774a29831316b5a3262da -> 
  custom:scripting/monoscript/fileName/XmlLinkedMethod.cs: 0832a872e8f410f9dbd4e4797775d14c -> 
  custom:scripting/monoscript/fileName/ITimeProvider.cs: ddd25bd8e3c8be311aae000881753524 -> 
  custom:scripting/monoscript/fileName/IAuthenticationAdminClient.cs: dd3bd69da7b023dd8c81266be3f38afd -> 
  custom:scripting/monoscript/fileName/MissingComponent.cs: 6fcd30b84d1ca630662778f50cedadd3 -> 
  custom:scripting/monoscript/fileName/SetItemBatch400Response.cs: 32c493852a7002e396339d88544edd88 -> 
  custom:scripting/monoscript/fileName/Responses.cs: 6818a897d9db5297ee8f2eaa211898fc -> 
  custom:scripting/monoscript/fileName/Transient.Gen.cs: fb508b42c100a2c07b866a44f9ab3ed0 -> 
  custom:scripting/monoscript/fileName/BatchBasicErrorResponse.cs: 62cae37d226f0803d80290cab3369380 -> 
  custom:scripting/monoscript/fileName/IInstallationId.cs: f04e3188def2f4af24969a3d446782a7 -> 
  custom:scripting/monoscript/fileName/FileItem.cs: 0df463ddef1ae7221cc3764a281a0bf5 -> 
  custom:scripting/monoscript/fileName/Identity.cs: 2640f586bfcf9285892659a9f70878c1 -> 
  custom:scripting/monoscript/fileName/EnvironmentIdComponent.cs: 78e2c5c1c372ba12a0cd62129f564266 -> 
  custom:scripting/monoscript/fileName/SessionTokenComponent.cs: 848c4b939917c1ea9cdbfbdb84502080 -> 
  custom:scripting/monoscript/fileName/InitializationOptions.cs: a3b098c01b711d197eb5be831c1fe3cb -> 
  custom:scripting/monoscript/fileName/AuthenticationPackageInitializer.cs: a27d296699afa0fb86730c702633be0c -> 
  custom:scripting/monoscript/fileName/ResponseDeserializationException.cs: c070d452a58abb84737804e83f0419ef -> 
  custom:scripting/monoscript/fileName/DeleteItem400OneOf.cs: 551669d36767be8e899dfe9a14bd7e74 -> 
  custom:scripting/monoscript/fileName/AuthenticationExtensions.cs: 5f32c775217f6226c59bc30a889f96fc -> 
  custom:scripting/monoscript/fileName/IdProviderResponse.cs: 1ffce30252e1799b812e9515c5e2162e -> 
  custom:scripting/monoscript/fileName/IEnvironments.cs: c0584c08a0bd557b383eebd7f6ddb36a -> 
  custom:scripting/monoscript/fileName/DefaultApiRequests.cs: 0c40f474d191c79755786a315c4d3837 -> 
  custom:scripting/monoscript/fileName/GetItemsResponseLinks.cs: 328e6874132dcae87fddc46de36e8b8b -> 
  custom:scripting/monoscript/fileName/PlatformSupportUiHelper.cs: c2fb091feeb92fc6d04201e72415cd6f -> 
  custom:scripting/monoscript/fileName/IConfigurationProvider.cs: af9003c2ff2e581cf6d2023a9420f4ca -> 
  custom:scripting/monoscript/fileName/IMetricsFactory.cs: fde5d2b8b6a1babbe7e5508a35a60c95 -> 
  custom:scripting/monoscript/fileName/ChannelToken.cs: 749f097d0aecdba9e5864aa66e7c548d -> 
  custom:scripting/monoscript/fileName/ProjectBindRedirectUiConstants.cs: 1d3bd9a52471c7a484b82396440177cc -> 
  custom:scripting/monoscript/fileName/ValidationErrorBody.cs: ac82b223f15d18421e4e3d817599d585 -> 
  custom:scripting/precompiled-assembly-types:Unity.Services.CloudSave.Editor: 959d10536a9256205483a42e4c348ff4 -> 
  custom:scripting/monoscript/fileName/IAuthenticationSettings.cs: 664eebda2433df53de4e77c436d403f6 -> 
  custom:scripting/monoscript/fileName/HttpServiceConfig.cs: a19e8b39679e0da2413fb1719624f1f2 -> 
  custom:scripting/monoscript/fileName/EditorValueTracker.Gen.cs: 90647cc400823b41df847a6cbfc29026 -> 
  custom:scripting/monoscript/fileName/EditorGameServiceFlagEnabler.cs: ed4b01161596daf6c007c5cb985797df -> 
  custom:scripting/monoscript/fileName/ProjectConfigurationBuilderHelper.cs: f79e2dec68c2a8a55186a3fd4274546b -> 
  custom:scripting/monoscript/fileName/IUnityThreadUtils.cs: 09e8ec6b5955782b75f75b287fbd41f1 -> 
  custom:scripting/monoscript/fileName/NodeExtensions.cs: 2a7d26a365d722ab0365138c29b7e72c -> 
  custom:scripting/monoscript/fileName/IConfigurationLoader.cs: 2906069c8520611bdd1356369b0a29f4 -> 
  custom:scripting/monoscript/fileName/PlayerInfo.cs: fe010831bf2eea394cc23e762c8b1ca9 -> 
  custom:scripting/monoscript/fileName/HttpUtilities.cs: ccb29552bcf392fd78f8c10c82be7f1f -> 
  custom:scripting/monoscript/fileName/UnityListProjects200Response.cs: 428e859b4396ae3112aa4ecacae32fbf -> 
  custom:scripting/monoscript/fileName/CorePackageInitializer.cs: 829d217bce271cb9c1fa63d564b476ec -> 
  custom:scripting/monoscript/fileName/EnvironmentNotFoundException.cs: 8f8ecf9219a7a93736afa67d923d561a -> 
  custom:scripting/monoscript/fileName/AuthenticationErrorCodes.cs: d35b659cb68ad1aa80617a2680988fe5 -> 
  custom:scripting/monoscript/fileName/DependencyTreeInitializeOrderSorter.cs: 398a0f081d411379f31bc2eb52bbbd21 -> 
  custom:scripting/monoscript/fileName/CustomDataService.cs: ed248434142cd7970fabe2eb0c8eab0b -> 
  custom:scripting/monoscript/fileName/UnityGetUserPermissions200Response.cs: 7fdf29503cc5301312d984f2af06eb45 -> 
  custom:audio-decoder-ogg-vorbis: bf7c407c2cedff20999df2af8eb42d56 -> 
  custom:scripting/monoscript/fileName/CloudEnvironmentConfigProvider.Gen.cs: 5a0c9bc3528e508605862cace6052ab9 -> 
  custom:scripting/monoscript/fileName/ScheduledInvocationComparer.cs: 83106d0c8c6b049feeaa7bc89351f333 -> 
  custom:scripting/monoscript/fileName/AuthenticationAdminClient.cs: 530dbc976b0a511266667fec46709199 -> 
  custom:scripting/monoscript/fileName/DefaultApi.cs: 1d4ada5f7be42c3459105e8a4ff7befa -> 
  custom:scripting/monoscript/fileName/UnityServicesBuilder.cs: 2c873918180573f10abfeda6ebefa0f9 -> 
  custom:scripting/monoscript/fileName/AuthenticationEditorAnalytics.cs: d815f95387a4ffed4472fec2c8db79af -> 
  custom:scripting/monoscript/fileName/ServiceRegistry.cs: 9f2f77edf09fc4d5ffdc5ae250d852d2 -> 
  custom:scripting/monoscript/fileName/EnvironmentAnalyticsSender.cs: 8bcdd72c4f4f7ba6fed9617ecb7e992f -> 
  custom:scripting/monoscript/fileName/ScheduledInvocation.cs: 6dd46403260fc3e01309ae7e636c0e8a -> 
  custom:scripting/monoscript/fileName/UnityProjectNotLinkedException.cs: fffb6126e50500c8c570125732d06308 -> 
  custom:scripting/monoscript/fileName/SetItemBody.cs: 76914ec641e4ed7632891d6d7c59a46b -> 
  custom:scripting/monoscript/fileName/IPlayerAccountService.cs: 6c6700fe321ef49076fb1c9df0aa1a53 -> 
  custom:scripting/monoscript/fileName/LinkWithOculusRequest.cs: 0097546a65d45b69945f7cde6df6f6f6 -> 
  custom:scripting/monoscript/fileName/ServicesInitializationException.cs: 905c414eaf6bb9e99e87b7be57e80385 -> 
  custom:scripting/monoscript/fileName/CoreRegistry.cs: f8cefd7d8b5109f3c61c0ba5ed06a2ed -> 
  custom:scripting/monoscript/fileName/Configuration.cs: 1c6516e0821e9383814fa578e0bf4a73 -> 
  custom:scripting/monoscript/fileName/InvalidJwtException.cs: 44c6d327479bc7179514ecd464e65b5b -> 
  custom:scripting/monoscript/fileName/IProjectStateRequest.cs: 27b27df4e3b68078a5908d7df6fce95f -> 
  custom:scripting/monoscript/fileName/SetItemBatchBody.cs: 6b764643cdfbfdc37bc318addbc9cbf5 -> 
  custom:scripting/monoscript/fileName/AuthenticationWebRequestUtils.cs: ccbc2518c41f11c6950ec9367145e63d -> 
  custom:scripting/monoscript/fileName/CloudSaveValidationException.cs: 9b0b5a1e4f76bd728454e3faee6a65d4 -> 
  custom:scripting/monoscript/fileName/SignedUrlResponse.cs: 31acd3a100a1c8333ba05d9a8818821b -> 
  custom:scripting/monoscript/fileName/XmlLinkedType.cs: 879123e42892f87010bef78e341312d0 -> 
  custom:scripting/monoscript/fileName/Item.cs: 65fc2d257a9ca4e0db8f08949357f1f7 -> 
  custom:scripting/monoscript/fileName/AuthenticationSettings.cs: 647b269b730301254a80170cfe4643c8 -> 
  custom:scripting/monoscript/fileName/EditorGameServiceDashboardHelper.cs: ea8538090dcae2327f4c15e2ca056258 -> 
  custom:scripting/monoscript/fileName/JwtDecoder.cs: 36240864bf4572a6304d2e9743fbf8d6 -> 
  custom:scripting/monoscript/fileName/Models.cs: 4371e7ade6834e42bf19e294e843cde2 -> 
  custom:scripting/monoscript/fileName/GetDownloadUrl400OneOf.cs: 790220ef654a1040d518fb0a22d8e154 -> 
  custom:scripting/monoscript/fileName/IApiAccessor.cs: eaf638af3f88c56eba1f2e7971ff620a -> 
  custom:scripting/monoscript/fileName/ApplyRevertChangeTracker.Gen.cs: 90647cc400823b41df847a6cbfc29026 -> 
  custom:scripting/monoscript/fileName/CreateIdProviderRequest.cs: e2061cfc81eaadab048d08158b09db81 -> 
  custom:scripting/monoscript/fileName/AccessTokenExtraClaims.cs: 3553b8c5038ae1b47b855d63b5fa3f50 -> 
  custom:scripting/monoscript/fileName/CollectionExtensions.Gen.cs: aff9dee80b4292d09c09f3acd69a3289 -> 
  custom:scripting/monoscript/fileName/UsernamePasswordRequest.cs: 7e5780922b805971261793e5a1167fa3 -> 
  custom:scripting/monoscript/fileName/IComponentRegistry.cs: 31dc7d917392108590a76b6f7b8e718f -> 
  custom:scripting/monoscript/fileName/IEditorGameService.cs: faa7656610bf6f8463e95c403d6c6e6c -> 
  custom:scripting/monoscript/fileName/IAuthenticationCache.cs: 4d9ca89ba7e066e3a44a508b8eb66162 -> 
  custom:scripting/monoscript/fileName/WebRequest.cs: b90b0ec19658d17a44d6bd4139377b43 -> 
  custom:scripting/monoscript/fileName/EnvironmentSettings.cs: e2b98ee836b42374bfa16506e47055ce -> 
  custom:scripting/monoscript/fileName/IChannel.cs: db8ed6536767d05dc3fe7251f4a4dcd3 -> 
  custom:scripting/monoscript/fileName/IAsyncOperation.cs: f56289e88c7dcb628d7e5619c74e7538 -> 
  custom:scripting/monoscript/fileName/XmlLinkerModel.cs: d4c2817476b9b278a7b7808d61032596 -> 
  custom:scripting/monoscript/fileName/CodeLinkConfirmResponse.cs: b976c5903ee9629c4342ec286e462614 -> 
  custom:scripting/monoscript/fileName/FilesApiRequests.cs: e5f4d5bc27004484293d87eb493090e7 -> 
  custom:scripting/monoscript/fileName/SignInResponse.cs: 58e2a52227b6e8e4b12586b59f28ce25 -> 
  custom:scripting/monoscript/fileName/ApiException.cs: 02aa5ba039e149716ee5e83594a81068 -> 
  custom:scripting/monoscript/fileName/Metrics.cs: ff969a3864869c6435b83c963d65cf34 -> 
  custom:scripting/monoscript/fileName/IVivoxTokenProviderInternal.cs: 8f6eac73831e2d88349c636e0c8277cf -> 
  custom:scripting/monoscript/fileName/Skin.cs: da1e9c734632b8cb01f92fde468bb5aa -> 542cfa792531b11242f6d668bc2c5b64
  custom:audio-encoder-webm-vorbis: bf7c407c2cedff20999df2af8eb42d56 -> 
  custom:scripting/monoscript/fileName/UnityWebRequestUtils.cs: f709ddaaeb44d62e1a53fe224983d54c -> 
  custom:scripting/monoscript/fileName/CustomDataApiClient.cs: e957e026e89af9488927538a793095bd -> 
  custom:scripting/monoscript/fileName/MaterialExtensions.cs: 6f1926d30a57014fa53370543af34147 -> ba411762abdeb403a3e3629e15988e9a
  custom:scripting/monoscript/fileName/DependencyTree.cs: 0bd2915409b5c0af8089da1663502e47 -> 
  custom:scripting/monoscript/fileName/AsyncOperation.cs: f23cc551eab7049146420a4196093425 -> 90647cc400823b41df847a6cbfc29026
  custom:scripting/monoscript/fileName/BatchValidationErrorBody.cs: 65c7b5d9d9510ef4e943a83ef475e935 -> 
  custom:scripting/monoscript/fileName/CodeChallengeGenerator.cs: c1cbbc45173840c0311c73c8d8061303 -> 
  custom:scripting/monoscript/fileName/StandaloneBrowserUtils.cs: 37fbe853d847990876bc55459b4afabd -> 
  custom:scripting/monoscript/fileName/ItemKey.cs: 462241b4f2fde94a10d19303ec9b7007 -> 
  custom:scripting/monoscript/fileName/AdditionalAppIdElement.cs: bd18c3d47e69be5f55c7d02783cbdb1e -> 
  custom:scripting/monoscript/fileName/AuthenticationSettingsElement.cs: 8d3a16bad4c3a41a27e6331bc8afa6bc -> 
  custom:scripting/monoscript/fileName/CloudSaveInitializer.cs: 8e87578e2eb159336fb5d636b7ed9063 -> 
  custom:scripting/monoscript/fileName/UnityAddressV1.cs: 4d4ba30b341c7e72810f3c36b5914fa5 -> 
  custom:scripting/monoscript/fileName/IGatewayTokens.cs: af8d58613a9fd459a444ee8b327072b0 -> 
  custom:scripting/monoscript/fileName/IInitializablePackage.cs: 7a2afaa327b6f2c8c3b73c00855d936d -> 
  custom:scripting/monoscript/fileName/AnalyticsOptionsExtensions.cs: 61b53e23187fa8065622d09b0f304596 -> 
  custom:scripting/precompiled-assembly-types:Assembly-CSharp: 17a4bddbf74c8d2502a918a67e6b3ab0 -> 58381b7dd41b4c8682a4db62f7445902
  custom:scripting/monoscript/fileName/EnvironmentSelector.cs: ac21f39d65ed579595edcbd2c9853105 -> 
  custom:scripting/monoscript/fileName/JsonHelpers.cs: 709a3462fc5154419810e54a75e96730 -> 
  custom:scripting/monoscript/fileName/DefaultCdnConfiguredEndpoint.cs: 624837102d8bef2a2323b0b82727af95 -> 
  custom:scripting/monoscript/fileName/INetworkConfiguration.cs: afb334c9e4c5cb335369ca0285868e02 -> 
  custom:scripting/monoscript/fileName/Scope.Gen.cs: 409412ebac5387d01283cada94af8d59 -> 
  custom:scripting/monoscript/fileName/IApiConfiguration.cs: b353a4de4e3358ad7f085e6203139418 -> 
  custom:scripting/monoscript/fileName/ApiErrorHandler.cs: ba0e5ce73ceda91c3bd457ccc3468e63 -> 
  custom:scripting/monoscript/fileName/SliderToggleUiHelper.cs: 297bb968c6a98e033483e5885bc5e941 -> 
  custom:scripting/monoscript/fileName/GenesisTokenProvider.cs: d987e55d05af32d01fe6f177ed2b74ce -> 
  custom:scripting/monoscript/fileName/Buffer.cs: 7ee4d5746300f2757618f0837b67a0fd -> 118f1fc388c6f471c11b170ced777143
  custom:scripting/monoscript/fileName/SaveItem.cs: c07ec47f72e9c75b8a033a7266ec074b -> 
  custom:scripting/monoscript/fileName/AuthenticationSettingsHelper.cs: a467d230cb8a062800440b1a6f1137cd -> 
  custom:scripting/precompiled-assembly-types:glTFast.Newtonsoft: d61f38e7c0b7e4fa1d39ca1460629705 -> bae848875a35fe96f09fcc9f4e534600
  custom:scripting/monoscript/fileName/IFileSystem.cs: d0a5668d9c43d0a16eec8fa2a37aa20c -> 
  custom:scripting/monoscript/fileName/IService.cs: afa2330a6d32be2e7a659227e3bf813e -> 
  custom:scripting/monoscript/fileName/SetItem400OneOf.cs: c41bb4532a57be1bf5678ea98125c707 -> 
  custom:scripting/monoscript/fileName/CoreRegistration.cs: afa90de4a402b0848ad8b60755b1ca20 -> 
  custom:scripting/monoscript/fileName/ServicesInitialization.cs: 5bc34492fe95212cc8524c8c7be8ec36 -> 
  custom:scripting/monoscript/fileName/IVivox.cs: 6d92ea4b822d1fa7e4b8787c59760673 -> 
  custom:scripting/monoscript/fileName/UnityCreateAddressRequest.cs: 231eb736f0a651a8ee21e6aa579173ae -> 
  custom:scripting/monoscript/fileName/UnityListOrganizationFavoriteProjects200Response.cs: 2acfbc626d621e368ef9190462157b7a -> 
  custom:scripting/monoscript/fileName/IAuthenticationMetrics.cs: 6636a4c47815b677d1c99e55126851a2 -> 
  custom:scripting/monoscript/fileName/ErrorStatus.cs: f13a789af72a01cd8032989472c3919c -> 
  custom:scripting/monoscript/fileName/UnclassifiedData.cs: 07ab01725c1470d1bbc02a1da5626196 -> 
  custom:scripting/monoscript/fileName/DeleteFile400OneOf.cs: f1be98c83ba6faa6eb7b71908548d188 -> 
  custom:scripting/monoscript/fileName/IPlayerId.cs: 8ec284f91dceb8f1818908be17c609b0 -> 
  custom:scripting/monoscript/fileName/GetItemsResponse.cs: f8b2a741436cb91700a92fc811bc1ed0 -> 
  custom:scripting/monoscript/fileName/DeleteConflictErrorResponseAllOfData.cs: f4fc825efa12ce35ce123a3425479e46 -> 
  custom:scripting/monoscript/fileName/CloudSaveException.cs: f80d33543c490d8a4ba696fb6237a789 -> 
  custom:scripting/monoscript/fileName/CameraPerspective.cs: 2d0ec4576480f39b5426cb33df6c96e2 -> 
  custom:scripting/monoscript/fileName/AuthenticationServiceInternal.External.cs: f2320ad47adf55f9875741b342dc3b01 -> 
  custom:scripting/monoscript/fileName/PlayerAccountIdentifier.cs: 609c541b251f3cd6dac437fd895ed501 -> 
  custom:scripting/monoscript/fileName/EngineStateHelper.cs: 5fd7cee78f570ec47a06d133f5c76c22 -> 
  custom:scripting/monoscript/fileName/UnlinkRequest.cs: 0f5e5b017856c9dd86dffeb71e8c4d5a -> 
  custom:scripting/monoscript/fileName/EnvironmentProvider.cs: e6441984086d3ec4f02dd82b6dec6df1 -> 
  custom:scripting/monoscript/fileName/PackageInitializationInfo.cs: 82c881c6d5f9d1b5f2eba332919bcd1c -> 
  custom:scripting/monoscript/fileName/DisabledDiagnostics.cs: dca147f0ee6a8cbd3c40d0fb15b26062 -> 
  custom:scripting/monoscript/fileName/JsonHelper.cs: 0b5759f67f92e2eb09febb2082aca955 -> 
  custom:scripting/monoscript/fileName/AccessorSparse.cs: ef39b0a1efb5493001e1ca2adc2270c0 -> 0ef974a5f7f41555e09565401561fdef
  custom:scripting/monoscript/fileName/FileList.cs: dcbac868c9ee89cf6ddac50c1e6cd383 -> 
  custom:scripting/monoscript/fileName/CloudSaveIOneOf.cs: a7fc016bb1c87b884dfe635a2e6b1e7e -> 
  custom:scripting/monoscript/fileName/MetricsFactory.cs: ff8596a1ccea2041a0c0cfe2841c8f74 -> 
  custom:scripting/monoscript/fileName/GetUploadUrl400OneOf.cs: e221e3c5fdf8d0b182fef431378bfea3 -> 
  custom:scripting/precompiled-assembly-types:Unity.Services.Core: 6658084c01118ae8f1ea78527e00c6d1 -> 
  custom:scripting/monoscript/fileName/Material.cs: 7b4d2d71ba93c7b482c8238f3c476644 -> 7bb910b8d6ec171ec4a8320af00867b8
  custom:scripting/monoscript/fileName/EnvironmentsClient.cs: 9c80a43488077f46562fa053df484911 -> 
  custom:scripting/monoscript/fileName/ReadOnlyObservableCollection.Gen.cs: 90647cc400823b41df847a6cbfc29026 -> 
  custom:scripting/monoscript/fileName/AnimationSampler.cs: bd4847a226c08fcb564d546261564ac6 -> 0ae8155a0eac3b4c4e00f4f239661504
  custom:scripting/monoscript/fileName/Environments.cs: 8edd577354349a066a7545f9433d7b49 -> 
  custom:scripting/monoscript/fileName/User.cs: aa51edb813ed08e13a853606ff677e2f -> 
  custom:scripting/monoscript/fileName/UnityAnalyticsIdentifier.cs: 40be8e11923159cf7c61c72c1a1b26dd -> 
  custom:video-codec-MediaFoundation-h265: 746d11721c4dcdbdad8f713fa42b33f4 -> 
  custom:scripting/monoscript/fileName/Root.cs: cd0cbf3b992deddab673bc27ba02e725 -> 6160a0d32e89499b0f0867070aaaae93
  custom:scripting/monoscript/fileName/AsyncOperationBase.cs: adfca800027e0922d59797ee493a2672 -> 
  custom:scripting/monoscript/fileName/IProfile.cs: 7bf226ffe53754da20516fbf8b709e9b -> 
  custom:scripting/monoscript/fileName/UnityUserOrganizationsV1OrganizationsInner.cs: 440e6e939c241944b318429e561d5df2 -> 
  custom:scripting/monoscript/fileName/PathUtils.Gen.cs: 5ddc0068a1cf521fafc42781cf03a3a9 -> 
  custom:scripting/monoscript/fileName/IEditorGameServiceRegistry.cs: 4894c70fd515017ae46efb4f44f8b3e2 -> 
  custom:scripting/monoscript/fileName/ProfileComponent.cs: cea63e4f3546337287ea1c855ba2ff37 -> 
  custom:scripting/monoscript/fileName/RequestFailedException.cs: a9eaec06c59248353e0ced5cdc95723f -> 
  custom:scripting/monoscript/fileName/PlayerAccountsErrorResponse.cs: 625aaa6e8381f311785ef14fd6a7f90f -> 
  custom:scripting/monoscript/fileName/SetItemResponse.cs: ceb945e77dbb07795c10b47fe97455c3 -> 
  custom:scripting/monoscript/fileName/CloudProjectIdProvider.cs: 2378bcc3b5bebbc672c1dacaff88b964 -> 
  custom:scripting/monoscript/fileName/XmlLinkedModelsExtensions.cs: 9e8a2b9216079ba87ebfd084960b4ac0 -> 
  custom:scripting/monoscript/fileName/IdProviderKeys.cs: 8479f7af99bd32669ce1b1cd06785a24 -> 
  custom:scripting/monoscript/fileName/EditorGameServiceRemoteConfiguration.cs: 0cdf409b5aa8d4c25876d72b5c6a3b60 -> 
  custom:scripting/monoscript/fileName/UnityUploadIconV1201Response.cs: a7cab146027c2f1549f57a603ca22560 -> 
  custom:scripting/monoscript/fileName/AuthenticationAdminNetworkClient.cs: 5dda6f84d83676b008ddf31b51deb70d -> 
  custom:scripting/monoscript/fileName/DisabledDiagnosticsFactory.cs: 92ef54fd2e9d3765db37c6ce29121dc7 -> 
  custom:video-decoder-ogg-theora: a1e56fd34408186e4bbccfd4996cb3dc -> 
  custom:scripting/monoscript/fileName/BaseJwt.cs: 7e0494ab7ba3fec8428b5c217bce6e56 -> 
  custom:scripting/monoscript/fileName/PlayerAccountsExceptionHandler.cs: 6ea791fbfb7786b788d8d7d02654adff -> 
  custom:scripting/monoscript/fileName/EnvironmentSaveSystem.cs: 931610e413c03621f898c65e36f44fc6 -> 
  custom:scripting/monoscript/fileName/ComponentRegistry.cs: 2fefa8b1f349de188d35295b3042e694 -> 
  custom:scripting/monoscript/fileName/ApiUtils.cs: 756c6ce1277e83c5eaba7d078dea9753 -> 
  custom:scripting/monoscript/fileName/EnvironmentsClientFactory.cs: 325dec75592389c16ac743f438f24960 -> 
  custom:scripting/monoscript/fileName/ConfigurationCollectionHelper.cs: cb4dac2b34c76624ca64d0ad91214a93 -> 
  custom:scripting/monoscript/fileName/DictionaryExtensions.cs: d37b3043b5339f13af7295850374111a -> 
  custom:scripting/monoscript/fileName/AsyncOperationExtensions.cs: 1fabcad386c6a3966bbd7925c1ec32e2 -> 
  custom:scripting/monoscript/fileName/ProjectUnlinkBuildWarning.cs: c52465de41a758f7a3babb293254b52b -> 
  custom:scripting/monoscript/fileName/IProjectStateHelper.cs: 3adea7eb7ff850864d22d07f530e0111 -> 
  custom:scripting/monoscript/fileName/AuthenticationServiceInternal.BYOI.cs: f2320ad47adf55f9875741b342dc3b01 -> 
  custom:scripting/monoscript/fileName/ICloudProjectId.cs: 60ddc28b5a3880441601b503b311a533 -> 
  custom:scripting/monoscript/fileName/IAuthenticationEditorService.cs: 58e2d84aa3051f0695e248211048c819 -> 
  custom:scripting/monoscript/fileName/ICopyable.Gen.cs: 90647cc400823b41df847a6cbfc29026 -> 
  custom:scripting/monoscript/fileName/IHttpClient.cs: e14a5d9ae56fb0376d8bff2f6738f5fd -> 
  custom:scripting/monoscript/fileName/ThreadingUtility.cs: 04b3b0b0336f4a10f1d8aa16ba8bb5cf -> 
  custom:scripting/monoscript/fileName/GltfImport.cs: c39ea1b3eb5ee3e9282c8057c205d5ae -> 0a96f6ee9dba71638c4dd211e14d3360
  custom:scripting/monoscript/fileName/IdProviderNames.cs: db80400c41aaf95d50509b8170aaab35 -> 
  custom:scripting/precompiled-assembly-types:Unity.Services.Core.Networking: 61bebe50ea392373ad9b763369998b02 -> 
  custom:scripting/monoscript/fileName/SignInCodeInfo.cs: 5021c05477899faf20d892f4cf059942 -> 
  custom:scripting/precompiled-assembly-types:Unity.Services.Core.Telemetry: 93d339c2f6637582a5436fa1367ea7d7 -> 
  custom:scripting/monoscript/fileName/IMetrics.cs: cc4d6b26e54335130aeffb94ca489467 -> 
  custom:scripting/monoscript/fileName/NewBehaviourScript.cs: b21687ddb03d73bd9f0c1daecb9714de -> 
  custom:scripting/monoscript/fileName/ApiResponse.cs: 0178253e68aead753e309ceab16a5b51 -> 
  custom:scripting/monoscript/fileName/IEnvironmentService.cs: d28a6fb640eb356196b9c1017c7a0d37 -> 
  custom:scripting/monoscript/fileName/StreamingAssetsConfigurationLoader.cs: 2f115cec9bfe6872856ee4ad61eb2c3f -> 
  custom:scripting/monoscript/fileName/SteamConfig.cs: bbd1cc7973d283bd45536d92d8a56d59 -> 
  custom:scripting/monoscript/fileName/TokenExchangeRequest.cs: 84521e3f40e65f84d2324450cf06365e -> 
  custom:scripting/monoscript/fileName/SignInWithOculusRequest.cs: 957099aa63a576a63c27a2432f359cc1 -> 
  custom:scripting/monoscript/fileName/EnvironmentChangedParameters.cs: 0ad6f60cc0b0e0ea02aed10221f7c8a8 -> 
  custom:scripting/monoscript/fileName/CoreDiagnostics.cs: 041dd565425b56b2b823902ba53cfe54 -> 
  custom:scripting/monoscript/fileName/UpdateNameRequest.cs: 7868adfcb83c183cb1a65b23e9ff1c1f -> 
  custom:scripting/monoscript/fileName/ProjectBindRedirectContentUI.cs: ea393b5b63051e326686665efb7ed1d2 -> 
  custom:scripting/monoscript/fileName/HashExceptions.cs: 0c04f84e29310842caf31699037c2a6f -> 
  custom:scripting/monoscript/fileName/IActionScheduler.cs: e5388884c9a263c0b7f149f53626af31 -> 
  custom:scripting/monoscript/fileName/DiagnosticsFactory.cs: 3828493052568497f2ccdc68dea8b14c -> 
  custom:scripting/monoscript/fileName/UnityUserOrganizationsV1.cs: 73dafadd41de13ace6058db610522dcd -> 
  custom:scripting/monoscript/fileName/XmlLinkedProperty.cs: 29784440eed3b7889f0bfe76633cc000 -> 
  custom:scripting/monoscript/fileName/TaskAsyncOperation.cs: deaa3dfd455420a1f0dece4fa000e9b1 -> 
  custom:scripting/monoscript/fileName/Singleton.Gen.cs: 66c389d1e92bc70efd18b5d3b46f6bca -> 
  custom:scripting/monoscript/fileName/AuthenticationMetrics.cs: db3eebb192edec43745ac2610c6eee30 -> 
  custom:scripting/monoscript/fileName/UnityServicesExtensions.cs: 380a03f9a0a1c503bb6cfe486ca69f03 -> 
  custom:scripting/precompiled-assembly-types:Unity.Services.Core.Environments.Internal: a94ac62d8b6ab44e5914a671ad4dd355 -> 
  custom:scripting/monoscript/fileName/OrganizationHandler.cs: 8e4686813d139f7c9962131a6d917980 -> 
  custom:scripting/monoscript/fileName/GetItems400Response.cs: 572ae6e833c3cb557ca616d5b36459d6 -> 
  custom:scripting/monoscript/fileName/LinkResponse.cs: 72d0f4cdb2fd8b9de864adef4a668391 -> 
  custom:scripting/monoscript/fileName/UnityTransferProjectRequest.cs: 160aa9e78d67107dbad79b2602ea5baf -> 
  custom:scripting/monoscript/fileName/ConfigurationBuilder.cs: bd1d62f2bf3afb62754531eee8a4e204 -> 
  custom:scripting/monoscript/fileName/EnvironmentView.cs: eacb7d766ee45d9a07ea107dc0c80ac6 -> 
  custom:scripting/monoscript/fileName/AccessTokens.cs: 7f3bd47a4ee3b608248d36969879b607 -> 
  custom:scripting/monoscript/fileName/BatchConflictErrorResponse.cs: 7942be99405e64a79dcac37ea6a8996a -> 
  custom:scripting/monoscript/fileName/IUserRoleClient.cs: d3496f158bb376dd3e2c64e54c7c3a7e -> 
  custom:scripting/precompiled-assembly-types:Newtonsoft.Json: a784019f7e79cf0f65e748d41d4ceb44 -> 
  custom:scripting/monoscript/fileName/HttpOptions.cs: 99f08410c8743651b2a8fdf6d32f10c4 -> 
  custom:scripting/monoscript/fileName/GetNotificationsResponse.cs: 25a182e31fe47339e350eb3c495cab78 -> 
  custom:scripting/precompiled-assembly-types:Unity.Services.Core.Configuration.Editor: 9ec415489f81483910eef61e419cb1d9 -> 
  custom:scripting/monoscript/fileName/ModifiedMetadata.cs: cd46276381850bbacc2505940f155c7f -> 
  custom:scripting/monoscript/fileName/UnityOrganizationWithAddressV1.cs: 0255bc6178742cff2a423de9eb51e6a2 -> 
  custom:CustomObjectIndexerAttribute: 72b91833f83ae208fae7752999fa3104 -> 
  custom:scripting/monoscript/fileName/ThreadHelper.cs: 3f960d3728c60b25fbe7204851a5b065 -> 
  custom:scripting/monoscript/fileName/ConflictErrorResponseAllOf.cs: efa1165ce4ad2d8eb56fff52711f8cb7 -> 
  custom:scripting/monoscript/fileName/ServicesBehaviour.cs: fc86e18139c2e2cab6df5bf113811eb1 -> 
  custom:scripting/monoscript/fileName/UnityCreateOrganizationRequest.cs: 4cf5c8730ffaa3c5888d236ebc6475fc -> 
  custom:scripting/monoscript/fileName/GltfCamera.cs: 022242dec4409c9d8c03f6d682896ba6 -> 431a288fdf64132f89fa273a3e91a45b
  custom:scripting/monoscript/fileName/EditorGameServiceSettingsProvider.cs: 2cb6ae4d961883e67f3e282b18d40d94 -> 
  custom:scripting/monoscript/fileName/UsernameInfo.cs: 92ca3bb98d1a95bf68826fac029e33b2 -> 
  custom:scripting/precompiled-assembly-types:Unity.Services.Core.Configuration: f7859697b434adc89f377c95a9589d8a -> 
  custom:container-demuxer-webm: 4f35f7cbe854078d1ac9338744f61a02 -> 
  custom:scripting/monoscript/fileName/CoreRegistryInitializer.cs: e34ea8cde280e241aa2682bcb33aae4f -> 
  custom:scripting/monoscript/fileName/AuthenticationService.cs: 9103bf36a2fa89f143ef4038aa46681a -> 
  custom:scripting/monoscript/fileName/IEnvironmentProvider.cs: 3109b26c8523241ba567e094603484cc -> 
  custom:scripting/monoscript/fileName/IdentityIOneOf.cs: 29de1876e6381d1376e3875f63eb04e7 -> 
  custom:scripting/precompiled-assembly-types:Unity.Services.Authentication.Editor.Shared: 9378a52b1db98c49a8084339e8d57a3b -> 
  custom:scripting/monoscript/fileName/CloudSaveEditorGameService.cs: 3b2e5d45ca9b93c01cb87c7adb66b63c -> 
  custom:scripting/monoscript/fileName/JsonObjectConverter.cs: 48324966cd02f9b4e78f6826f21469d8 -> 
  custom:scripting/monoscript/fileName/UnityWebRequestHelpers.cs: 1ec22049192615a826c207837a87db3b -> 
  custom:scripting/monoscript/fileName/SignInWithSteamRequest.cs: 06488fadd4dcc724b8ffee3eabfbb74d -> 
  custom:scripting/monoscript/fileName/LockedComponentRegistry.cs: ff7d4cf11049af0d186f2bffab21c5d3 -> 
  custom:scripting/monoscript/fileName/IServiceFactory.Gen.cs: 5696ff4e8140aef57b36c4052f3bfc23 -> 
  custom:scripting/monoscript/fileName/IdToken.cs: 09f3a195b38a097e948ca718629054d5 -> 
  custom:scripting/monoscript/fileName/IUserRoleHandler.cs: 33c258d1966d18e84a25c5d4701ea0a4 -> 
  custom:scripting/monoscript/fileName/TextureExtensions.cs: 4b3a9beeab9b55d39609d0700cc039ca -> 6d415b10716ad1c7d4c107fb76bd35c6
  custom:scripting/monoscript/fileName/OpenAPIDateConverter.cs: a9a61217f5eb07483c8d3b54bbc3c853 -> 
  custom:scripting/monoscript/fileName/LoggedOutUiHelper.cs: ded703f4d077a86b901d24f648f694ca -> 
  custom:scripting/monoscript/fileName/PlayerDataService.deprecated.cs: c257d6429cdf999db2ec56b90f24dd6f -> 
  custom:scripting/monoscript/fileName/IDeserializable.cs: 87d9cead34a39eedf1a78bf546592b19 -> 
  custom:scripting/monoscript/fileName/CollectionBinding.Gen.cs: 90647cc400823b41df847a6cbfc29026 -> 
  custom:scripting/monoscript/fileName/Diagnostics.cs: 310215ddbef3d1759d3801a8f9ab01fa -> 
  custom:scripting/monoscript/fileName/ExceptionHelper.cs: 074ec3a4464566a6e9a1f4db3dfb905f -> 
  custom:scripting/monoscript/fileName/MergedObservableCollection.Gen.cs: 90647cc400823b41df847a6cbfc29026 -> 
  custom:scripting/monoscript/fileName/AuthenticationTopMenu.cs: 9f71b566a5319c437d2334bdc1d62870 -> 
  custom:scripting/monoscript/fileName/GltfAnimation.cs: 0acf5689a0bcc34eb8984b52cd2f372d -> 4b03e3f2ada54b750a99c35640c5be2a
  custom:scripting/monoscript/fileName/StatusCodePolicyConfig.cs: 88309efc1924b6efbcde03c3c8a74185 -> 
  custom:scripting/monoscript/fileName/IAuthenticationNetworkClient.cs: af8aa88762b234b64c685d0921cf3250 -> 
  custom:scripting/monoscript/fileName/ProjectBindRedirectProjectSettingsUi.cs: 07a51e74c57a4053931e01d14a91288e -> 
  custom:scripting/precompiled-assembly-types:Unity.Services.Core.Environments: b07b1f8809421d1b72991502cdcbc5ac -> 
  custom:scripting/precompiled-assembly-types:glTFast.Documentation.Examples: fb785ec5ebf443ef067a62f70932c0a0 -> dfd48f5310350bf75813f5864aab9b85
  custom:scripting/monoscript/fileName/IProjectInfo.cs: 2c81b6190195adf1450efd9b8f54de95 -> 
  custom:scripting/monoscript/fileName/StreamingAssetsUtils.cs: 4a501e19e96ab989552681f7cfe95d3b -> 
  custom:scripting/monoscript/fileName/BatchValidationErrorResponse.cs: 60771d02a4706bb254977c301e655fd3 -> 
  custom:scripting/monoscript/fileName/PackageInfoNameComparer.cs: ea0f38f3a3ddb0faa351ccba3098624f -> 
  custom:scripting/monoscript/fileName/Accessor.cs: 229e324d4e8ab845a6e9c55779b638ab -> 11153b8aeb78671bdf00cf73a469dc71
  custom:scripting/monoscript/fileName/UnityWebRequestHelper.cs: 2e5cbc5c38937ccdc5de3700aaa6f529 -> 
  custom:scripting/precompiled-assembly-types:Unity.Services.Core.Analytics: 7e90522691a1ed8cc152d6a40d3f03b4 -> 
  custom:scripting/monoscript/fileName/Utilities.cs: 3b7f3ca8a797f5aa000bca2637e43e42 -> 
  custom:scripting/monoscript/fileName/RetryPolicy.cs: 966b5f771d572194d25fef2d707d75b4 -> 
  custom:scripting/monoscript/fileName/GenerateSignInCodeRequest.cs: e818f692ab11651f000e46b49e30a806 -> 
  custom:scripting/monoscript/fileName/IAuthenticationExceptionHandler.cs: a5a827897245ef0664917e622072fb94 -> 
  custom:scripting/monoscript/fileName/IAnalyticsSender.cs: 27ac0f3c61390701fdd3b82b17bedf22 -> 
  custom:scripting/monoscript/fileName/UserRoleHandler.cs: a42f5e4f9979e28831240d76ea709864 -> 
  custom:scripting/monoscript/fileName/CodeLinkInfoResponse.cs: f42814b0d3e8b943e22c128e599697da -> 
  custom:scripting/monoscript/fileName/IEnvironmentValidator.cs: bdc1089a446560e3518f7ac97786d874 -> 
  custom:scripting/precompiled-assembly-types:Unity.Services.Authentication.PlayerAccounts: 733d423729734ee8ed76ab204a76b4c3 -> 
  custom:scripting/monoscript/fileName/UnityUserGuestProjectV1.cs: 58ac7a8966d050da82ebd9946d7ad9a7 -> 
  custom:scripting/monoscript/fileName/PlayerAccountsPackageInitializer.cs: 0aa273791167a3c61ca4dbddee86ffe7 -> 
  custom:scripting/monoscript/fileName/FileListLinks.cs: 16b5bd5cdfc8564d72efabf0daa74ec4 -> 
  custom:scripting/monoscript/fileName/UnityPlayerAccountSettings.cs: 551cf47427967de94d87a6b04fcae5a1 -> 
  custom:scripting/monoscript/fileName/IdProvider.cs: 49213a4cdd38d4ac4c21545c7141b8cd -> 
  custom:scripting/monoscript/fileName/UpdatePasswordRequest.cs: c3e07ff5663bd6613440bb9ff3d74c5c -> 
  custom:scripting/monoscript/fileName/IsolatedJsonConvert.cs: 99fdae6940e096a6996a1f3feaec3467 -> 
  custom:scripting/monoscript/fileName/MappedObservableCollection.Gen.cs: 90647cc400823b41df847a6cbfc29026 -> 
  custom:scripting/monoscript/fileName/IUserIdentifierProvider.cs: dc5eeac839d4cf332ea648a7fdcd39d6 -> 
  custom:scripting/monoscript/fileName/UnityGetOrganizationMembers200Response.cs: 2a3745ba3cf60a91cc07f675b5cfe7f0 -> 
  custom:scripting/monoscript/fileName/CloudSaveService.cs: 7277ecd009207d4c9b89b6db37b82ccf -> 
  custom:scripting/monoscript/fileName/AccessorSparseValues.cs: db5840a84ec569c41d701e6c492d0de5 -> 98fd559e774579349dabfd3f54b591dc
  custom:scripting/monoscript/fileName/InlineResponse200.cs: e96dd62a905f2c5d6275e4aa7b709b25 -> 
  custom:scripting/monoscript/fileName/CloudEnvironmentConfigProvider.cs: 0d9357504beb82cf1f27ae6c7b6ddec2 -> 
  custom:scripting/monoscript/fileName/IServerAccessToken.cs: 5dfd5eddfcd0cafe1db05f4c334820f7 -> 
  custom:scripting/monoscript/fileName/BasicErrorResponse.cs: f5a0f73e2b89246648069a25c9ff8475 -> 
  custom:scripting/monoscript/fileName/AuthenticationException.cs: 775db05fab80900d1212050035caf081 -> 
  custom:scripting/monoscript/fileName/Notification.cs: b666b063d3334a605c69ff6f8a0cffc8 -> 
  custom:scripting/monoscript/fileName/AuthenticationWrapper.cs: 40dd662dac01cdb6d0c0cc035d9a2e7e -> 
  custom:scripting/monoscript/fileName/ProjectInfo.cs: d289d5cd3d7bbcf9a82d73b4aa756d36 -> 
  custom:scripting/monoscript/fileName/UnityCreateProjectRequest.cs: 553b660d315929e3419e6a209f9bb6ab -> 
  custom:scripting/monoscript/fileName/IAuthenticationAdminNetworkClient.cs: a08c9abb22f07232b2d3b329d0c23e91 -> 
  custom:scripting/monoscript/fileName/UnityEnvironmentV1.cs: 1eea8ffdfb5010d89d3ba557b2d50eab -> 
  custom:scripting/monoscript/fileName/GCSErrorResponse.cs: f3ef934e8ead6e111940d02007579499 -> 
  custom:scripting/monoscript/fileName/ServiceCollection.Gen.cs: ee70a277f1bc1e6641d018ca44380804 -> 
  custom:scripting/monoscript/fileName/OculusConfig.cs: 4fa906ecdd5ca17f3543698999715035 -> 
  custom:scripting/monoscript/fileName/FilesApi.cs: a1aaf8657431892261f7b0c23f7ca7fe -> 
  custom:scripting/monoscript/fileName/GatewayTokens.cs: 53270745929a7034c3268a07c13af48c -> 
  custom:scripting/monoscript/fileName/AuthenticationCache.cs: db62ddb3d660d03cbc330ce7e63333bf -> 
  custom:scripting/precompiled-assembly-types:Unity.Services.Core.Registration: 6ff2c253681b1c95fc4436f661813f21 -> 
  custom:scripting/monoscript/fileName/MethodNotFoundException.Gen.cs: 0dccde8d1181b58956dff819eeec312c -> 
  custom:scripting/monoscript/fileName/SignInWithExternalTokenRequest.cs: 933831e25b9ab6f0c7b50393e3efd13d -> 
  custom:scripting/monoscript/fileName/DataApi.cs: f791c32b62d6a8ad7c82c0512ed16503 -> 
  custom:scripting/monoscript/fileName/EntityData.cs: 67d0a3f4077d11015ba15a7ff7f2769f -> 
  custom:scripting/monoscript/fileName/IJwtDecoder.cs: 3a95ca7907a61e805e59af6219546685 -> 
  custom:scripting/monoscript/fileName/PlayerIdComponent.cs: 245335b122408666ab23433f05124501 -> 
  custom:scripting/monoscript/fileName/AnimationChannel.cs: 67421bd163adeb7798a9c7fddd4bf5dd -> c0454fc9d3f9ba19f2fb78ee78cd9eac
  custom:scripting/monoscript/fileName/SetItemBatchResponseResultsInner.cs: 8b5a08e4a0ebc9283c777935762cca22 -> 
  custom:scripting/monoscript/fileName/IProjectEditorDrawerFactory.cs: 18c5020e4a357b0471f706a6144cefa8 -> 
  custom:scripting/monoscript/fileName/CorePackageRegistry.cs: 3f8b8a1a754bcbf32e1631fc6067b47f -> 
  custom:scripting/monoscript/fileName/Detail.cs: 953e1f571ffb3df953e2da9da0e20459 -> 
  custom:scripting/monoscript/fileName/UnityOrganizationV1.cs: 202fa32fa70a6d9b0b74b5c00b1b741c -> 
  custom:scripting/monoscript/fileName/PlayerAccountSettingsProvider.cs: 57a71491b92571e0738c385166d69374 -> 
  custom:scripting/monoscript/fileName/IQosResults.cs: b6881487c0f26ab46e2124c1d0e04307 -> 
  custom:scripting/monoscript/fileName/IAccessTokenObserver.cs: b63bda9cbc64f15f0d3427f52571574c -> 
  custom:scripting/monoscript/fileName/IExternalUserId.cs: e86cbc4ee2ec705a01d2d8184f1aa316 -> 
  custom:scripting/monoscript/fileName/AssetUtils.cs: f2faf7ad4b4b5b06d49e576afa8ccb42 -> 
  custom:scripting/monoscript/fileName/ServicesInitializationEditor.cs: 9a8da73184df77ef11e2b6fd2f04d32d -> 
  custom:scripting/monoscript/fileName/IEditorGameServiceAnalyticsSender.cs: 16523e3d16356ae30addab5eaf4685a1 -> 
  custom:scripting/monoscript/fileName/PlayerAccountSettingsEditor.cs: a957405097defdb9901105c5240fcac2 -> 
  custom:scripting/monoscript/fileName/IGenesisTokenProvider.cs: 50bfadb838bad71e7f4f13ffd5046639 -> 
  custom:scripting/monoscript/fileName/IEnvironmentId.cs: 26e3448d664cf5b5e38101bfbead1ab4 -> 
  custom:scripting/monoscript/fileName/IDiagnostics.cs: 57266d83136060880a8bc854151a2f08 -> 
  custom:scripting/monoscript/fileName/IUnityServices.cs: abc5b758eed1a2c05dfbb253b9cdf1d6 -> 
  custom:scripting/monoscript/fileName/SetItemBatchResponseResults.cs: d079648cb11e3e20e2411498c39db8ee -> 
  custom:scripting/monoscript/fileName/DeleteConflictErrorResponseData.cs: 08881dd91601d9831a56629a7bdf8d5c -> 
  custom:scripting/monoscript/fileName/ServiceOptions.cs: a16c18f202061acbdadf1a4634326a9d -> 
  custom:scripting/monoscript/fileName/ApiConfiguration.cs: 93b9d3a154a066b218838bce56ab52ef -> 
  custom:scripting/monoscript/fileName/AuthenticationAdminClientManager.cs: 42f19b750641a1bec4304433b128a9d2 -> 
  custom:scripting/monoscript/fileName/IScopedServiceProvider.Gen.cs: a3e3117c2208173e411da686f8072dfc -> 
  custom:scripting/monoscript/fileName/PackageRegistry.cs: 084618e5fb4441b39eee335cbd095e50 -> 
  custom:scripting/monoscript/fileName/MeshPrimitive.cs: 8aa124dd90ffa10c229ab97507511afe -> 798786dddb9776fb9e3bd6fd41b13d2d
  custom:scripting/monoscript/fileName/XmlLinkedAssembly.cs: 997f803bab31374df714b0d6f004c82e -> 
  custom:scripting/monoscript/fileName/ApiRequestPathBuilder.cs: 1d485eb48ac34b38a0c7ae2a3f2918ee -> 
  custom:scripting/monoscript/fileName/SignInWithAppleGameCenterRequest.cs: bf5e53eec533a47bf68ac4b24c859ebe -> 
  custom:scripting/monoscript/fileName/MeshExtras.cs: 9b8d7991ec9c8537429cda14a3484de8 -> 
  custom:scripting/monoscript/fileName/GetKeys400OneOf.cs: 54ec44b07dc6c91dc479da7f25e7d7a5 -> 
  custom:scripting/monoscript/fileName/NetworkHandler.cs: 31714251feae50ccd176b841dbb4f84e -> 
  custom:scripting/monoscript/fileName/CoreMetrics.cs: ba96eafc8557f10e49a5a2dab28be8c2 -> 
  custom:scripting/monoscript/fileName/ServicesInitializationEvents.cs: 223f9edfffeabcf11135ebfb5e966647 -> 
  custom:scripting/monoscript/fileName/SessionTokenRequest.cs: e551110361ae2242296355e5b4792233 -> 
  custom:scripting/monoscript/fileName/GenerateCodeResponse.cs: c9de36e937d50b48b49fe23f5b73dab0 -> 
  custom:scripting/monoscript/fileName/AppleGameCenterConfig.cs: 3fc356fc865be691659b07b088a01464 -> 
  custom:scripting/monoscript/fileName/FileStorageSetupDetails.cs: 4ae8b9f19338f9d30eea9d6432a3c9b8 -> 
  custom:scripting/monoscript/fileName/SettingsUtils.cs: 1786d4712156319820f2e77b6b75c753 -> 
  custom:scripting/monoscript/fileName/ServiceFlagRequest.cs: 81cbfe44ade2ec4f46d5579d02db90c8 -> 
  custom:scripting/monoscript/fileName/HttpRequest.cs: 32f191459fcac54e96d5c4ad496a3ed5 -> 
  custom:scripting/monoscript/fileName/ValidationResult.cs: 12d4a9b1790e80408d1518f479a1a01f -> 
  custom:scripting/monoscript/fileName/UnityProjectV1.cs: 33ee54c3546ae8cbce557ab2aca1756e -> 
  custom:scripting/monoscript/fileName/ProjectState.cs: 5da9c4bc1768108d8af5cc6cbfdc9de1 -> 
  custom:scripting/monoscript/fileName/UnityServicesInternal.cs: 5ea85354f5b78172e34fac25411fe7cf -> 
  custom:scripting/monoscript/fileName/PreserveDependencyAttribute.cs: 7b33b3b969409f6a38fb0affb51f2db7 -> 
  custom:scripting/monoscript/fileName/ValidationErrorResponse.cs: 7ab1d29958b70d04f0f43763eb5306b0 -> 
  custom:scripting/monoscript/fileName/IWire.cs: 30c1d87985bae6279501282a5e19ad84 -> 
  custom:scripting/monoscript/fileName/IJsonObject.cs: ed865b683d584171e6dc07b14c7b4f61 -> 
  custom:scripting/monoscript/fileName/UnityGetEnvironments200Response.cs: 337f99d16b0b96efb2206d69acad4db0 -> 
  custom:scripting/precompiled-assembly-types:Unity.Services.Core.Environments.Editor: af3b9d0f3823f38d1d2cc22aa83bd019 -> 
  custom:scripting/monoscript/fileName/IPlayerName.cs: ba66ec6098d77e1400c48b4442573e06 -> 
  custom:scripting/monoscript/fileName/OperatePackageVersionConfigProvider.cs: 67b4bf8d5d449d0353b963ad0e103a72 -> 
  custom:scripting/monoscript/fileName/IEnvironmentsApi.cs: 10309d62b29707db950e5d0457e82d84 -> 
  custom:video-encoder-webm-vp8: eb34c28f22e8b96e1ab97ce403110664 -> 
  custom:scripting/monoscript/fileName/UserRoleRequest.cs: 8307bdf9d05c66d6ad5318e52408710f -> 
  custom:scripting/monoscript/fileName/ConflictErrorResponseData.cs: 92da1d715990af1ca473ba12dd289ca5 -> 
  custom:scripting/monoscript/fileName/IApiClient.cs: ab8bee823793f486a21c09059465c539 -> 
  custom:scripting/monoscript/fileName/TokenExchange.cs: bbd1ed03e8e3970b0887123f043469e1 -> 
  custom:scripting/monoscript/fileName/HttpRequestExtensions.cs: 35b1178ed1fd55cb1029b0abb50d01fc -> 
  custom:scripting/monoscript/fileName/IdProviderRegistry.cs: f5d455ad317e9aeccad9932dd9666130 -> 
  custom:scripting/monoscript/fileName/ApiRequestOptions.cs: 9a118c2bc1ecd9fc1d354a37ab0a64e4 -> 
  custom:scripting/monoscript/fileName/UserRoleClient.cs: 7cb9a24ca4555e83cb355dad138297b5 -> 
  custom:scripting/monoscript/fileName/EnvironmentIdentifier.cs: 39ee00a0ac13884055f18f6371bacd6d -> 
  custom:scripting/monoscript/fileName/EnvironmentsConstants.cs: 24e9760363ef695978ba684e5d610a82 -> 
  custom:scripting/monoscript/fileName/CircularDependencyException.cs: d18ff671dcc1259992ffc320a2699238 -> 
  custom:scripting/monoscript/fileName/IReadOnlyObservable.Gen.cs: 90647cc400823b41df847a6cbfc29026 -> 
  custom:scripting/monoscript/fileName/CameraOrthographic.cs: 063ef90bb00ec0ad613139ea2b39bfd2 -> 
  custom:scripting/monoscript/fileName/ProjectBindRedirectPopupUI.cs: e3fb92bd3ee82c9407053c4d3860bb4f -> 
  custom:scripting/monoscript/fileName/AccessTokenComponent.cs: d4d4c661bc66fd2b56646e47d869d7cb -> 
  custom:scripting/monoscript/fileName/ExternalUserId.cs: 838ec18be418bafff07b93f14174c00c -> 
  custom:scripting/monoscript/fileName/LinkFileGenerator.cs: 51b5323d52299fec9236d04721b91f22 -> 
  custom:scripting/monoscript/fileName/ExternalIdentity.cs: e65ed5083b38f434db0732cf65b27f0d -> 
  custom:scripting/monoscript/fileName/EnvironmentAnalytics.cs: df86ce352df40dfa102b41458fb9f770 -> 
  custom:scripting/monoscript/fileName/ReadOnlyHttpResponse.cs: cb67b795f50400334c6da0e8ef76361d -> 
  custom:scripting/monoscript/fileName/LinkWithSteamRequest.cs: be69ace4f698ae4fd64bfe0d6df06705 -> 
  custom:scripting/monoscript/fileName/TextureInfo.cs: 9cff02f855c2b56703a6c62ce8456918 -> 9107e76fc44fc536d1935cd5b2a1c6fb
  custom:scripting/monoscript/fileName/DateTimeWrapper.cs: 1718203501f270a020e6b6f60ad1f61a -> 
  custom:scripting/monoscript/fileName/ProductionTokenExchangeUrls.cs: d51f7b5f35d9e0171f3c69e63ce67736 -> 
  custom:scripting/monoscript/fileName/SteamProviderConfig.cs: 2d25befed1726bdd2a3c7bee89fdfa1b -> 
  custom:scripting/monoscript/fileName/QueryIndexResponse.cs: 7164bda263653884a0a5d3a0378bc1f2 -> 
  custom:scripting/monoscript/fileName/DeleteItems400OneOf.cs: d4364c6e810a069b4333e7b40d04a248 -> 
  custom:scripting/monoscript/fileName/IEditorGameServiceEnabler.cs: 9ba91e68464ed1031653bae083d9cbd8 -> 
  custom:scripting/monoscript/fileName/EnvironmentService.cs: 22bbc46856bf7062678eb8e6e54cf9a2 -> 
  custom:scripting/monoscript/fileName/ConflictErrorResponse.cs: fce19f8efdf6d1fd19283be16e5ea831 -> 
  custom:scripting/monoscript/fileName/AuthenticationServiceInternal.UsernamePassword.cs: f2320ad47adf55f9875741b342dc3b01 -> 
  custom:scripting/monoscript/fileName/DeserializationException.cs: 981671932954f5f29ecb69d877af43ab -> 
  custom:scripting/monoscript/fileName/IdProviderCustomSettingsElement.cs: a830fa6a32d1235546e4f1ce1444a14b -> 
  custom:scripting/monoscript/fileName/JsonObject.cs: a451e10017fcd797f91399f6f6df492a -> b4314edf02dda425962de25e5c3df291
  custom:scripting/monoscript/fileName/DeleteConflictErrorResponse.cs: c60de02cd9270d2c27bbd096fa7f6783 -> 
  custom:scripting/monoscript/fileName/HttpException.cs: 09f685b540ddc805d6328134e7551774 -> 
  custom:scripting/monoscript/fileName/IPackageRegistry.cs: 7ed9d4b5a0ae537ff629f057cfa10e76 -> 
  custom:scripting/precompiled-assembly-types:Unity.Services.CloudSave: 020a97513ca2007e99de5b216c4e3da5 -> 
  custom:scripting/monoscript/fileName/Multimap.cs: 90647cc400823b41df847a6cbfc29026 -> 
  custom:scripting/monoscript/fileName/Mesh.cs: 6ce56a506f385f852b9056dd3b38d088 -> d060209a29e8a5a31674812b78fd2970
  custom:scripting/monoscript/fileName/IAnalyticsStandardEventComponent.cs: cf50b12809cbeb8dcfefaee612a9c090 -> 
  custom:scripting/monoscript/fileName/ServiceProvider.Gen.cs: fb28411e62c1911933783faa92ae27e4 -> 
  custom:scripting/monoscript/fileName/AccessorSparseIndices.cs: f388c9bfc7f2d5ea1f6fbadb1630f1b4 -> 485e9bc8129ad7f0d81fd0e84e22bbf6
  custom:scripting/monoscript/fileName/Player.cs: f9aa1d60167779cb609507b4121ab171 -> 
  custom:scripting/monoscript/fileName/EnvironmentServiceExtensions.cs: ac6a6c148393eb9a5f8fb75c98af0cdb -> 
  custom:scripting/monoscript/fileName/Sampler.cs: 1b560d20d140a0fe05c8fb2b3399954a -> ffc32cc417e33d78f282ab91da07e3b9
  custom:scripting/monoscript/fileName/MeshPrimitiveExtensions.cs: d6ac0166a1556f69c04364db04583e45 -> 
  custom:scripting/monoscript/fileName/IOrganizationHandler.cs: f8b346f72bb06934d5f47a4eb5bf2f52 -> 
  custom:scripting/monoscript/fileName/XmlLinkedField.cs: 58331cd1e1b9bc9099ae07f125c40794 -> 
  custom:scripting/monoscript/fileName/IRetryPolicy.cs: 31996a4ff29f09dff84f2c17dd7ab3e3 -> 
  custom:scripting/monoscript/fileName/InstallationId.cs: 5a83a3939f92e5bc55c8a90ccbe27d51 -> 
  custom:scripting/monoscript/fileName/NormalTextureInfo.cs: 50d1cf091e330d34c5513cb0e2930bdb -> 01a9ae6529333277a7823b532beb4947
  custom:scripting/monoscript/fileName/OpenIDConfig.cs: 5e9110ecc925180f61cbf9ac58b68d6f -> 
  custom:scripting/monoscript/fileName/ServiceInstallationListener.cs: 4f550d886426ad05d9cb021f02f3b5c8 -> 
  custom:scripting/monoscript/fileName/IdProviderElement.cs: 6536e40194fb7c282e118e312f164d27 -> 
  custom:scripting/monoscript/fileName/Query.cs: 37bce29b9d7705f8a19f857547767178 -> 
  custom:scripting/monoscript/fileName/PlayerAccountService.cs: c965904e21cfc4eaef768e4a06448dc4 -> 
  custom:scripting/monoscript/fileName/ConfigurationUtils.cs: e57894058b136700ef3ea680c0b15031 -> 
  custom:scripting/monoscript/fileName/PackageConfig.cs: 6c65665380cc70d71f22e981e56d92cf -> 
  custom:scripting/monoscript/fileName/PlayerAccountsErrorCodes.cs: 43b8194c378f655c352ca1eef4f8e9d8 -> 
  custom:scripting/monoscript/fileName/UnityOrganizationMemberV1.cs: 29203c4e087d3ba2203081bd2717405e -> 
  custom:scripting/monoscript/fileName/UnityServices.cs: 53288f4d4ff1211eb125ba005d646505 -> 
  custom:scripting/monoscript/fileName/EditorGameServiceAnalyticsSender.cs: f578bf9cf78d5f56704a18cd36c88f9f -> 
  custom:scripting/monoscript/fileName/IAccessToken.cs: 359704d6f9862ce7f7142f3c9f3827a0 -> 
  custom:scripting/monoscript/fileName/Texture.cs: d7f55326360589d35a1bb85655067651 -> 24be8a01bc46b35c86594fb2c3cbdec9
  custom:scripting/precompiled-assembly-types:Unity.Services.Core.Scheduler: c5a24b90c03f14c29ba6bebda52c3c14 -> 
  custom:scripting/monoscript/fileName/VisualElementHelper.cs: 0b84949c228ae121ca9bc47ce2ce3ccc -> 
  custom:scripting/monoscript/fileName/BatchBasicErrorBody.cs: 10bacc7c777b45e5252032dd2f65c312 -> 
  custom:scripting/monoscript/fileName/ConfirmSignInCodeRequest.cs: 344f0c7918f5f3330e8a52917584f5c1 -> 
  custom:scripting/monoscript/fileName/IAnalyticsUserId.cs: c2cc7c28fd557b3f55cdf068b0502818 -> 
  custom:scripting/monoscript/fileName/UnityCreateEnvironmentRequest.cs: a9b0f13e8545f9920554463818374956 -> 
  custom:scripting/monoscript/fileName/Node.cs: 0153aac58b17edee4421537f2522de95 -> 974f9755f8d4159ad8e291241d31d015
  custom:scripting/monoscript/fileName/ServiceFlagEndpoint.cs: 95ebbb4e72d70a377056cbf3d7a7020c -> 
  custom:scripting/monoscript/fileName/EventBinding.Gen.cs: 90647cc400823b41df847a6cbfc29026 -> 
  custom:scripting/monoscript/fileName/BrowserUtils.cs: 6bc48370d7304756ca4f09b02d6cf80c -> 
  custom:scripting/monoscript/fileName/CloudSaveRateLimitedException.cs: 38a0dfa4a570fa9444b1e542d76de4bf -> 
  custom:scripting/monoscript/fileName/ICloudEnvironmentConfigurationProvider.cs: e191e2329b4561db479ad48b7fffb5d7 -> 
  custom:scripting/monoscript/fileName/QueryIndexBody.cs: fed863ab430d848637f5d4323f2e3258 -> 
  custom:scripting/monoscript/fileName/AuthenticationEditorService.cs: d501aef43505f0a38b4d655d6776d06e -> 
